-- Found ament_cmake: 1.3.11 (/opt/anaconda3/envs/ros2/share/ament_cmake/cmake)
-- Found Python3: /opt/anaconda3/envs/ros2/bin/python3 (found version "3.11.12") found components: Interpreter
-- Override CMake install command with custom implementation using symlinks instead of copying resources
-- Found std_msgs: 4.2.4 (/opt/anaconda3/envs/ros2/share/std_msgs/cmake)
-- Found rosidl_generator_c: 3.1.6 (/opt/anaconda3/envs/ros2/share/rosidl_generator_c/cmake)
-- Found rosidl_adapter: 3.1.6 (/opt/anaconda3/envs/ros2/share/rosidl_adapter/cmake)
-- Found rosidl_generator_cpp: 3.1.6 (/opt/anaconda3/envs/ros2/share/rosidl_generator_cpp/cmake)
-- Using all available rosidl_typesupport_c: rosidl_typesupport_fastrtps_c;rosidl_typesupport_introspection_c
-- Using all available rosidl_typesupport_cpp: rosidl_typesupport_fastrtps_cpp;rosidl_typesupport_introspection_cpp
-- Found rosidl_default_generators: 1.2.0 (/opt/anaconda3/envs/ros2/share/rosidl_default_generators/cmake)
-- Found ament_cmake_ros: 0.10.0 (/opt/anaconda3/envs/ros2/share/ament_cmake_ros/cmake)
-- Using all available rosidl_typesupport_c: rosidl_typesupport_fastrtps_c;rosidl_typesupport_introspection_c
-- Using all available rosidl_typesupport_cpp: rosidl_typesupport_fastrtps_cpp;rosidl_typesupport_introspection_cpp
-- Found python_cmake_module: 0.10.0 (/opt/anaconda3/envs/ros2/share/python_cmake_module/cmake)
-- Using PythonExtra_INCLUDE_DIRS: /opt/anaconda3/envs/ros2/include/python3.11;/opt/anaconda3/envs/ros2/include/python3.11
-- Using PythonExtra_LIBRARIES: /opt/anaconda3/envs/ros2/lib/libpython3.11.dylib
-- Found Python3: /opt/anaconda3/envs/ros2/include/python3.11 (found version "3.11.12") found components: Development NumPy Interpreter Development.Module Development.Embed
-- Found ament_lint_auto: 0.12.11 (/opt/anaconda3/envs/ros2/share/ament_lint_auto/cmake)
-- Added test 'lint_cmake' to check CMake code style
-- Added test 'xmllint' to check XML markup files
-- Configuring done (0.8s)
-- Generating done (0.1s)
-- Build files have been written to: /Users/bogdancprljakovic/ros2_ws/build/custom_msg_pkg
[  3%] Generating C code for ROS interfaces
[  6%] Generating C++ code for ROS interfaces
[  6%] Built target ament_cmake_python_symlink_custom_msg_pkg
[  6%] Built target custom_msg_pkg__cpp
[ 12%] Generating C++ type support dispatch for ROS interfaces
[ 12%] Generating C++ introspection for ROS interfaces
running egg_info
writing custom_msg_pkg.egg-info/PKG-INFO
writing dependency_links to custom_msg_pkg.egg-info/dependency_links.txt
writing top-level names to custom_msg_pkg.egg-info/top_level.txt
[ 16%] Generating C++ type support for eProsima Fast-RTPS
reading manifest file 'custom_msg_pkg.egg-info/SOURCES.txt'
writing manifest file 'custom_msg_pkg.egg-info/SOURCES.txt'
[ 19%] Building C object CMakeFiles/custom_msg_pkg__rosidl_generator_c.dir/rosidl_generator_c/custom_msg_pkg/msg/detail/text_stamped__functions.c.o
[ 19%] Built target ament_cmake_python_build_custom_msg_pkg_egg
[ 22%] Building CXX object CMakeFiles/custom_msg_pkg__rosidl_typesupport_cpp.dir/rosidl_typesupport_cpp/custom_msg_pkg/msg/text_stamped__type_support.cpp.o
[ 25%] Building CXX object CMakeFiles/custom_msg_pkg__rosidl_typesupport_introspection_cpp.dir/rosidl_typesupport_introspection_cpp/custom_msg_pkg/msg/detail/text_stamped__type_support.cpp.o
[ 29%] Building CXX object CMakeFiles/custom_msg_pkg__rosidl_typesupport_fastrtps_cpp.dir/rosidl_typesupport_fastrtps_cpp/custom_msg_pkg/msg/detail/dds_fastrtps/text_stamped__type_support.cpp.o
[ 32%] Linking C shared library libcustom_msg_pkg__rosidl_generator_c.dylib
[ 32%] Built target custom_msg_pkg__rosidl_generator_c
[ 35%] Generating C introspection for ROS interfaces
[ 38%] Generating C type support dispatch for ROS interfaces
[ 41%] Generating C type support for eProsima Fast-RTPS
[ 45%] Building CXX object CMakeFiles/custom_msg_pkg__rosidl_typesupport_c.dir/rosidl_typesupport_c/custom_msg_pkg/msg/text_stamped__type_support.cpp.o
[ 48%] Building C object CMakeFiles/custom_msg_pkg__rosidl_typesupport_introspection_c.dir/rosidl_typesupport_introspection_c/custom_msg_pkg/msg/detail/text_stamped__type_support.c.o
[ 51%] Building CXX object CMakeFiles/custom_msg_pkg__rosidl_typesupport_fastrtps_c.dir/rosidl_typesupport_fastrtps_c/custom_msg_pkg/msg/detail/text_stamped__type_support_c.cpp.o
[ 54%] Linking CXX shared library libcustom_msg_pkg__rosidl_typesupport_c.dylib
[ 58%] Linking CXX shared library libcustom_msg_pkg__rosidl_typesupport_introspection_cpp.dylib
[ 61%] Linking C shared library libcustom_msg_pkg__rosidl_typesupport_introspection_c.dylib
[ 64%] Linking CXX shared library libcustom_msg_pkg__rosidl_typesupport_cpp.dylib
[ 64%] Built target custom_msg_pkg__rosidl_typesupport_c
[ 64%] Built target custom_msg_pkg__rosidl_typesupport_introspection_c
[ 64%] Built target custom_msg_pkg__rosidl_typesupport_introspection_cpp
[ 64%] Built target custom_msg_pkg__rosidl_typesupport_cpp
[ 67%] Linking CXX shared library libcustom_msg_pkg__rosidl_typesupport_fastrtps_cpp.dylib
[ 67%] Built target custom_msg_pkg__rosidl_typesupport_fastrtps_cpp
[ 70%] Linking CXX shared library libcustom_msg_pkg__rosidl_typesupport_fastrtps_c.dylib
[ 70%] Built target custom_msg_pkg__rosidl_typesupport_fastrtps_c
[ 70%] Built target custom_msg_pkg
[ 74%] Generating Python code for ROS interfaces
[ 74%] Built target custom_msg_pkg__py
[ 77%] Building C object CMakeFiles/custom_msg_pkg__rosidl_generator_py.dir/rosidl_generator_py/custom_msg_pkg/msg/_text_stamped_s.c.o
[ 80%] Linking C shared library rosidl_generator_py/custom_msg_pkg/libcustom_msg_pkg__rosidl_generator_py.dylib
[ 80%] Built target custom_msg_pkg__rosidl_generator_py
[ 83%] Building C object CMakeFiles/custom_msg_pkg__rosidl_typesupport_c__pyext.dir/rosidl_generator_py/custom_msg_pkg/_custom_msg_pkg_s.ep.rosidl_typesupport_c.c.o
[ 90%] Building C object CMakeFiles/custom_msg_pkg__rosidl_typesupport_introspection_c__pyext.dir/rosidl_generator_py/custom_msg_pkg/_custom_msg_pkg_s.ep.rosidl_typesupport_introspection_c.c.o
[ 90%] Building C object CMakeFiles/custom_msg_pkg__rosidl_typesupport_fastrtps_c__pyext.dir/rosidl_generator_py/custom_msg_pkg/_custom_msg_pkg_s.ep.rosidl_typesupport_fastrtps_c.c.o
[100%] Linking C shared library rosidl_generator_py/custom_msg_pkg/custom_msg_pkg_s__rosidl_typesupport_c.cpython-311-darwin.so
[100%] Linking C shared library rosidl_generator_py/custom_msg_pkg/custom_msg_pkg_s__rosidl_typesupport_fastrtps_c.cpython-311-darwin.so
[100%] Linking C shared library rosidl_generator_py/custom_msg_pkg/custom_msg_pkg_s__rosidl_typesupport_introspection_c.cpython-311-darwin.so
[100%] Built target custom_msg_pkg__rosidl_typesupport_fastrtps_c__pyext
[100%] Built target custom_msg_pkg__rosidl_typesupport_introspection_c__pyext
[100%] Built target custom_msg_pkg__rosidl_typesupport_c__pyext
-- Install configuration: ""
-- Execute custom install script
-- Up-to-date symlink: /Users/bogdancprljakovic/ros2_ws/install/custom_msg_pkg/share/ament_index/resource_index/rosidl_interfaces/custom_msg_pkg
-- Up-to-date symlink: /Users/bogdancprljakovic/ros2_ws/install/custom_msg_pkg/include/custom_msg_pkg/custom_msg_pkg/msg/detail/text_stamped__functions.h
-- Up-to-date symlink: /Users/bogdancprljakovic/ros2_ws/install/custom_msg_pkg/include/custom_msg_pkg/custom_msg_pkg/msg/detail/text_stamped__struct.h
-- Up-to-date symlink: /Users/bogdancprljakovic/ros2_ws/install/custom_msg_pkg/include/custom_msg_pkg/custom_msg_pkg/msg/detail/text_stamped__type_support.h
-- Up-to-date symlink: /Users/bogdancprljakovic/ros2_ws/install/custom_msg_pkg/include/custom_msg_pkg/custom_msg_pkg/msg/rosidl_generator_c__visibility_control.h
-- Up-to-date symlink: /Users/bogdancprljakovic/ros2_ws/install/custom_msg_pkg/include/custom_msg_pkg/custom_msg_pkg/msg/text_stamped.h
-- Up-to-date symlink: /Users/bogdancprljakovic/ros2_ws/install/custom_msg_pkg/include/custom_msg_pkg/custom_msg_pkg/msg/detail/text_stamped__rosidl_typesupport_fastrtps_c.h
-- Up-to-date symlink: /Users/bogdancprljakovic/ros2_ws/install/custom_msg_pkg/include/custom_msg_pkg/custom_msg_pkg/msg/rosidl_typesupport_fastrtps_c__visibility_control.h
-- Up-to-date symlink: /Users/bogdancprljakovic/ros2_ws/install/custom_msg_pkg/include/custom_msg_pkg/custom_msg_pkg/msg/detail/text_stamped__builder.hpp
-- Up-to-date symlink: /Users/bogdancprljakovic/ros2_ws/install/custom_msg_pkg/include/custom_msg_pkg/custom_msg_pkg/msg/detail/text_stamped__struct.hpp
-- Up-to-date symlink: /Users/bogdancprljakovic/ros2_ws/install/custom_msg_pkg/include/custom_msg_pkg/custom_msg_pkg/msg/detail/text_stamped__traits.hpp
-- Up-to-date symlink: /Users/bogdancprljakovic/ros2_ws/install/custom_msg_pkg/include/custom_msg_pkg/custom_msg_pkg/msg/detail/text_stamped__type_support.hpp
-- Up-to-date symlink: /Users/bogdancprljakovic/ros2_ws/install/custom_msg_pkg/include/custom_msg_pkg/custom_msg_pkg/msg/rosidl_generator_cpp__visibility_control.hpp
-- Up-to-date symlink: /Users/bogdancprljakovic/ros2_ws/install/custom_msg_pkg/include/custom_msg_pkg/custom_msg_pkg/msg/text_stamped.hpp
-- Up-to-date symlink: /Users/bogdancprljakovic/ros2_ws/install/custom_msg_pkg/include/custom_msg_pkg/custom_msg_pkg/msg/detail/text_stamped__rosidl_typesupport_fastrtps_cpp.hpp
-- Up-to-date symlink: /Users/bogdancprljakovic/ros2_ws/install/custom_msg_pkg/include/custom_msg_pkg/custom_msg_pkg/msg/rosidl_typesupport_fastrtps_cpp__visibility_control.h
-- Up-to-date symlink: /Users/bogdancprljakovic/ros2_ws/install/custom_msg_pkg/include/custom_msg_pkg/custom_msg_pkg/msg/detail/text_stamped__rosidl_typesupport_introspection_c.h
-- Up-to-date symlink: /Users/bogdancprljakovic/ros2_ws/install/custom_msg_pkg/include/custom_msg_pkg/custom_msg_pkg/msg/rosidl_typesupport_introspection_c__visibility_control.h
-- Up-to-date symlink: /Users/bogdancprljakovic/ros2_ws/install/custom_msg_pkg/include/custom_msg_pkg/custom_msg_pkg/msg/detail/text_stamped__rosidl_typesupport_introspection_cpp.hpp
-- Up-to-date symlink: /Users/bogdancprljakovic/ros2_ws/install/custom_msg_pkg/share/custom_msg_pkg/environment/pythonpath.sh
-- Up-to-date symlink: /Users/bogdancprljakovic/ros2_ws/install/custom_msg_pkg/share/custom_msg_pkg/environment/pythonpath.dsv
-- Up-to-date symlink: /Users/bogdancprljakovic/ros2_ws/install/custom_msg_pkg/lib/python3.11/site-packages/custom_msg_pkg-0.0.0-py3.11.egg-info/PKG-INFO
-- Up-to-date symlink: /Users/bogdancprljakovic/ros2_ws/install/custom_msg_pkg/lib/python3.11/site-packages/custom_msg_pkg-0.0.0-py3.11.egg-info/SOURCES.txt
-- Up-to-date symlink: /Users/bogdancprljakovic/ros2_ws/install/custom_msg_pkg/lib/python3.11/site-packages/custom_msg_pkg-0.0.0-py3.11.egg-info/dependency_links.txt
-- Up-to-date symlink: /Users/bogdancprljakovic/ros2_ws/install/custom_msg_pkg/lib/python3.11/site-packages/custom_msg_pkg-0.0.0-py3.11.egg-info/top_level.txt
-- Up-to-date symlink: /Users/bogdancprljakovic/ros2_ws/install/custom_msg_pkg/lib/python3.11/site-packages/custom_msg_pkg/__init__.py
-- Up-to-date symlink: /Users/bogdancprljakovic/ros2_ws/install/custom_msg_pkg/lib/python3.11/site-packages/custom_msg_pkg/_custom_msg_pkg_s.ep.rosidl_typesupport_c.c
-- Up-to-date symlink: /Users/bogdancprljakovic/ros2_ws/install/custom_msg_pkg/lib/python3.11/site-packages/custom_msg_pkg/_custom_msg_pkg_s.ep.rosidl_typesupport_fastrtps_c.c
-- Up-to-date symlink: /Users/bogdancprljakovic/ros2_ws/install/custom_msg_pkg/lib/python3.11/site-packages/custom_msg_pkg/_custom_msg_pkg_s.ep.rosidl_typesupport_introspection_c.c
-- Up-to-date symlink: /Users/bogdancprljakovic/ros2_ws/install/custom_msg_pkg/lib/python3.11/site-packages/custom_msg_pkg/custom_msg_pkg_s__rosidl_typesupport_c.cpython-311-darwin.so
-- Up-to-date symlink: /Users/bogdancprljakovic/ros2_ws/install/custom_msg_pkg/lib/python3.11/site-packages/custom_msg_pkg/custom_msg_pkg_s__rosidl_typesupport_fastrtps_c.cpython-311-darwin.so
-- Up-to-date symlink: /Users/bogdancprljakovic/ros2_ws/install/custom_msg_pkg/lib/python3.11/site-packages/custom_msg_pkg/custom_msg_pkg_s__rosidl_typesupport_introspection_c.cpython-311-darwin.so
-- Up-to-date symlink: /Users/bogdancprljakovic/ros2_ws/install/custom_msg_pkg/lib/python3.11/site-packages/custom_msg_pkg/libcustom_msg_pkg__rosidl_generator_py.dylib
-- Up-to-date symlink: /Users/bogdancprljakovic/ros2_ws/install/custom_msg_pkg/lib/python3.11/site-packages/custom_msg_pkg/msg/__init__.py
-- Up-to-date symlink: /Users/bogdancprljakovic/ros2_ws/install/custom_msg_pkg/lib/python3.11/site-packages/custom_msg_pkg/msg/_text_stamped.py
-- Up-to-date symlink: /Users/bogdancprljakovic/ros2_ws/install/custom_msg_pkg/lib/python3.11/site-packages/custom_msg_pkg/msg/_text_stamped_s.c
-- Up-to-date symlink: /Users/bogdancprljakovic/ros2_ws/install/custom_msg_pkg/lib/python3.11/site-packages/custom_msg_pkg/custom_msg_pkg_s__rosidl_typesupport_fastrtps_c.cpython-311-darwin.so
-- Up-to-date symlink: /Users/bogdancprljakovic/ros2_ws/install/custom_msg_pkg/lib/python3.11/site-packages/custom_msg_pkg/custom_msg_pkg_s__rosidl_typesupport_introspection_c.cpython-311-darwin.so
-- Up-to-date symlink: /Users/bogdancprljakovic/ros2_ws/install/custom_msg_pkg/lib/python3.11/site-packages/custom_msg_pkg/custom_msg_pkg_s__rosidl_typesupport_c.cpython-311-darwin.so
-- Up-to-date symlink: /Users/bogdancprljakovic/ros2_ws/install/custom_msg_pkg/share/custom_msg_pkg/msg/TextStamped.idl
-- Up-to-date symlink: /Users/bogdancprljakovic/ros2_ws/install/custom_msg_pkg/share/custom_msg_pkg/msg/TextStamped.msg
-- Up-to-date symlink: /Users/bogdancprljakovic/ros2_ws/install/custom_msg_pkg/share/ament_index/resource_index/package_run_dependencies/custom_msg_pkg
-- Up-to-date symlink: /Users/bogdancprljakovic/ros2_ws/install/custom_msg_pkg/share/ament_index/resource_index/parent_prefix_path/custom_msg_pkg
-- Up-to-date symlink: /Users/bogdancprljakovic/ros2_ws/install/custom_msg_pkg/share/custom_msg_pkg/environment/ament_prefix_path.sh
-- Up-to-date symlink: /Users/bogdancprljakovic/ros2_ws/install/custom_msg_pkg/share/custom_msg_pkg/environment/ament_prefix_path.dsv
-- Up-to-date symlink: /Users/bogdancprljakovic/ros2_ws/install/custom_msg_pkg/share/custom_msg_pkg/environment/path.sh
-- Up-to-date symlink: /Users/bogdancprljakovic/ros2_ws/install/custom_msg_pkg/share/custom_msg_pkg/environment/path.dsv
-- Up-to-date symlink: /Users/bogdancprljakovic/ros2_ws/install/custom_msg_pkg/share/custom_msg_pkg/local_setup.bash
-- Up-to-date symlink: /Users/bogdancprljakovic/ros2_ws/install/custom_msg_pkg/share/custom_msg_pkg/local_setup.sh
-- Up-to-date symlink: /Users/bogdancprljakovic/ros2_ws/install/custom_msg_pkg/share/custom_msg_pkg/local_setup.zsh
-- Up-to-date symlink: /Users/bogdancprljakovic/ros2_ws/install/custom_msg_pkg/share/custom_msg_pkg/local_setup.dsv
-- Symlinking: /Users/bogdancprljakovic/ros2_ws/install/custom_msg_pkg/share/custom_msg_pkg/package.dsv
-- Up-to-date symlink: /Users/bogdancprljakovic/ros2_ws/install/custom_msg_pkg/share/ament_index/resource_index/packages/custom_msg_pkg
-- Up-to-date symlink: /Users/bogdancprljakovic/ros2_ws/install/custom_msg_pkg/share/custom_msg_pkg/cmake/rosidl_cmake-extras.cmake
-- Up-to-date symlink: /Users/bogdancprljakovic/ros2_ws/install/custom_msg_pkg/share/custom_msg_pkg/cmake/ament_cmake_export_dependencies-extras.cmake
-- Up-to-date symlink: /Users/bogdancprljakovic/ros2_ws/install/custom_msg_pkg/share/custom_msg_pkg/cmake/ament_cmake_export_include_directories-extras.cmake
-- Up-to-date symlink: /Users/bogdancprljakovic/ros2_ws/install/custom_msg_pkg/share/custom_msg_pkg/cmake/ament_cmake_export_libraries-extras.cmake
-- Up-to-date symlink: /Users/bogdancprljakovic/ros2_ws/install/custom_msg_pkg/share/custom_msg_pkg/cmake/ament_cmake_export_targets-extras.cmake
-- Up-to-date symlink: /Users/bogdancprljakovic/ros2_ws/install/custom_msg_pkg/share/custom_msg_pkg/cmake/rosidl_cmake_export_typesupport_targets-extras.cmake
-- Up-to-date symlink: /Users/bogdancprljakovic/ros2_ws/install/custom_msg_pkg/share/custom_msg_pkg/cmake/rosidl_cmake_export_typesupport_libraries-extras.cmake
-- Up-to-date symlink: /Users/bogdancprljakovic/ros2_ws/install/custom_msg_pkg/share/custom_msg_pkg/cmake/custom_msg_pkgConfig.cmake
-- Up-to-date symlink: /Users/bogdancprljakovic/ros2_ws/install/custom_msg_pkg/share/custom_msg_pkg/cmake/custom_msg_pkgConfig-version.cmake
-- Up-to-date symlink: /Users/bogdancprljakovic/ros2_ws/install/custom_msg_pkg/share/custom_msg_pkg/package.xml
-- Installing: /Users/bogdancprljakovic/ros2_ws/install/custom_msg_pkg/lib/libcustom_msg_pkg__rosidl_generator_c.dylib
-- Installing: /Users/bogdancprljakovic/ros2_ws/install/custom_msg_pkg/lib/libcustom_msg_pkg__rosidl_typesupport_fastrtps_c.dylib
-- Installing: /Users/bogdancprljakovic/ros2_ws/install/custom_msg_pkg/lib/libcustom_msg_pkg__rosidl_typesupport_fastrtps_cpp.dylib
-- Installing: /Users/bogdancprljakovic/ros2_ws/install/custom_msg_pkg/lib/libcustom_msg_pkg__rosidl_typesupport_introspection_c.dylib
-- Installing: /Users/bogdancprljakovic/ros2_ws/install/custom_msg_pkg/lib/libcustom_msg_pkg__rosidl_typesupport_c.dylib
-- Installing: /Users/bogdancprljakovic/ros2_ws/install/custom_msg_pkg/lib/libcustom_msg_pkg__rosidl_typesupport_introspection_cpp.dylib
-- Installing: /Users/bogdancprljakovic/ros2_ws/install/custom_msg_pkg/lib/libcustom_msg_pkg__rosidl_typesupport_cpp.dylib
Listing 'lib/python3.11/site-packages/custom_msg_pkg'...
Can't list 'lib/python3.11/site-packages/custom_msg_pkg'
-- Installing: /Users/bogdancprljakovic/ros2_ws/install/custom_msg_pkg/lib/libcustom_msg_pkg__rosidl_generator_py.dylib
-- Up-to-date: /Users/bogdancprljakovic/ros2_ws/install/custom_msg_pkg/share/custom_msg_pkg/cmake/export_custom_msg_pkg__rosidl_generator_cExport.cmake
-- Up-to-date: /Users/bogdancprljakovic/ros2_ws/install/custom_msg_pkg/share/custom_msg_pkg/cmake/export_custom_msg_pkg__rosidl_generator_cExport-noconfig.cmake
-- Up-to-date: /Users/bogdancprljakovic/ros2_ws/install/custom_msg_pkg/share/custom_msg_pkg/cmake/export_custom_msg_pkg__rosidl_typesupport_fastrtps_cExport.cmake
-- Up-to-date: /Users/bogdancprljakovic/ros2_ws/install/custom_msg_pkg/share/custom_msg_pkg/cmake/export_custom_msg_pkg__rosidl_typesupport_fastrtps_cExport-noconfig.cmake
-- Up-to-date: /Users/bogdancprljakovic/ros2_ws/install/custom_msg_pkg/share/custom_msg_pkg/cmake/export_custom_msg_pkg__rosidl_generator_cppExport.cmake
-- Up-to-date: /Users/bogdancprljakovic/ros2_ws/install/custom_msg_pkg/share/custom_msg_pkg/cmake/export_custom_msg_pkg__rosidl_typesupport_fastrtps_cppExport.cmake
-- Up-to-date: /Users/bogdancprljakovic/ros2_ws/install/custom_msg_pkg/share/custom_msg_pkg/cmake/export_custom_msg_pkg__rosidl_typesupport_fastrtps_cppExport-noconfig.cmake
-- Up-to-date: /Users/bogdancprljakovic/ros2_ws/install/custom_msg_pkg/share/custom_msg_pkg/cmake/custom_msg_pkg__rosidl_typesupport_introspection_cExport.cmake
-- Up-to-date: /Users/bogdancprljakovic/ros2_ws/install/custom_msg_pkg/share/custom_msg_pkg/cmake/custom_msg_pkg__rosidl_typesupport_introspection_cExport-noconfig.cmake
-- Up-to-date: /Users/bogdancprljakovic/ros2_ws/install/custom_msg_pkg/share/custom_msg_pkg/cmake/custom_msg_pkg__rosidl_typesupport_cExport.cmake
-- Up-to-date: /Users/bogdancprljakovic/ros2_ws/install/custom_msg_pkg/share/custom_msg_pkg/cmake/custom_msg_pkg__rosidl_typesupport_cExport-noconfig.cmake
-- Up-to-date: /Users/bogdancprljakovic/ros2_ws/install/custom_msg_pkg/share/custom_msg_pkg/cmake/custom_msg_pkg__rosidl_typesupport_introspection_cppExport.cmake
-- Up-to-date: /Users/bogdancprljakovic/ros2_ws/install/custom_msg_pkg/share/custom_msg_pkg/cmake/custom_msg_pkg__rosidl_typesupport_introspection_cppExport-noconfig.cmake
-- Up-to-date: /Users/bogdancprljakovic/ros2_ws/install/custom_msg_pkg/share/custom_msg_pkg/cmake/custom_msg_pkg__rosidl_typesupport_cppExport.cmake
-- Up-to-date: /Users/bogdancprljakovic/ros2_ws/install/custom_msg_pkg/share/custom_msg_pkg/cmake/custom_msg_pkg__rosidl_typesupport_cppExport-noconfig.cmake
-- Up-to-date: /Users/bogdancprljakovic/ros2_ws/install/custom_msg_pkg/share/custom_msg_pkg/cmake/export_custom_msg_pkg__rosidl_generator_pyExport.cmake
-- Up-to-date: /Users/bogdancprljakovic/ros2_ws/install/custom_msg_pkg/share/custom_msg_pkg/cmake/export_custom_msg_pkg__rosidl_generator_pyExport-noconfig.cmake
