[0.016s] Invoking command in '/Users/bogdancprljakovic/ros2_ws/build/custom_msg_pkg': CMAKE_PREFIX_PATH=${CMAKE_PREFIX_PATH}:/Users/bogdancprljakovic/ros2_ws/install/text_publisher CONDA_PROMPT_MODIFIER=(ros2) SHLVL=2 _=/opt/anaconda3/envs/ros2/bin/env __CF_USER_TEXT_ENCODING=0x1F5:0x0:0x0 /opt/anaconda3/envs/ros2/bin/cmake /Users/bogdancprljakovic/ros2_ws/src/custom_msg_pkg -DCMAKE_INSTALL_PREFIX=/Users/bogdancprljakovic/ros2_ws/install/custom_msg_pkg
[0.056s] CMake Deprecation Warning at CMakeLists.txt:1 (cmake_minimum_required):
[0.056s]   Compatibility with CMake < 3.10 will be removed from a future version of
[0.056s]   CMake.
[0.056s] 
[0.056s]   Update the VERSION argument <min> value.  Or, use the <min>...<max> syntax
[0.056s]   to tell CMake that the project requires at least <min> but has been updated
[0.056s]   to work with policies introduced by <max> or earlier.
[0.056s] 
[0.056s] 
[0.106s] -- Found ament_cmake: 1.3.11 (/opt/anaconda3/envs/ros2/share/ament_cmake/cmake)
[0.125s] -- Found Python3: /opt/anaconda3/envs/ros2/bin/python3 (found version "3.11.12") found components: Interpreter
[0.165s] -- Override CMake install command with custom implementation using symlinks instead of copying resources
[0.184s] -- Found std_msgs: 4.2.4 (/opt/anaconda3/envs/ros2/share/std_msgs/cmake)
[0.221s] -- Found rosidl_generator_c: 3.1.6 (/opt/anaconda3/envs/ros2/share/rosidl_generator_c/cmake)
[0.225s] -- Found rosidl_adapter: 3.1.6 (/opt/anaconda3/envs/ros2/share/rosidl_adapter/cmake)
[0.233s] -- Found rosidl_generator_cpp: 3.1.6 (/opt/anaconda3/envs/ros2/share/rosidl_generator_cpp/cmake)
[0.244s] -- Using all available rosidl_typesupport_c: rosidl_typesupport_fastrtps_c;rosidl_typesupport_introspection_c
[0.257s] -- Using all available rosidl_typesupport_cpp: rosidl_typesupport_fastrtps_cpp;rosidl_typesupport_introspection_cpp
[0.285s] -- Found rosidl_default_generators: 1.2.0 (/opt/anaconda3/envs/ros2/share/rosidl_default_generators/cmake)
[0.403s] -- Found ament_cmake_ros: 0.10.0 (/opt/anaconda3/envs/ros2/share/ament_cmake_ros/cmake)
[0.513s] -- Using all available rosidl_typesupport_c: rosidl_typesupport_fastrtps_c;rosidl_typesupport_introspection_c
[0.552s] -- Using all available rosidl_typesupport_cpp: rosidl_typesupport_fastrtps_cpp;rosidl_typesupport_introspection_cpp
[0.553s] -- Found python_cmake_module: 0.10.0 (/opt/anaconda3/envs/ros2/share/python_cmake_module/cmake)
[0.554s] CMake Warning (dev) at /opt/anaconda3/envs/ros2/share/python_cmake_module/cmake/Modules/FindPythonExtra.cmake:52 (find_package):
[0.554s]   Policy CMP0148 is not set: The FindPythonInterp and FindPythonLibs modules
[0.554s]   are removed.  Run "cmake --help-policy CMP0148" for policy details.  Use
[0.554s]   the cmake_policy command to set the policy and suppress this warning.
[0.554s] 
[0.554s] Call Stack (most recent call first):
[0.554s]   /opt/anaconda3/envs/ros2/share/rosidl_generator_py/cmake/rosidl_generator_py_generate_interfaces.cmake:21 (find_package)
[0.554s]   /opt/anaconda3/envs/ros2/share/ament_cmake_core/cmake/core/ament_execute_extensions.cmake:48 (include)
[0.554s]   /opt/anaconda3/envs/ros2/share/rosidl_cmake/cmake/rosidl_generate_interfaces.cmake:286 (ament_execute_extensions)
[0.554s]   CMakeLists.txt:17 (rosidl_generate_interfaces)
[0.554s] This warning is for project developers.  Use -Wno-dev to suppress it.
[0.554s] 
[0.562s] -- Using PythonExtra_INCLUDE_DIRS: /opt/anaconda3/envs/ros2/include/python3.11;/opt/anaconda3/envs/ros2/include/python3.11
[0.562s] -- Using PythonExtra_LIBRARIES: /opt/anaconda3/envs/ros2/lib/libpython3.11.dylib
[0.843s] -- Found Python3: /opt/anaconda3/envs/ros2/include/python3.11 (found version "3.11.12") found components: Development NumPy Interpreter Development.Module Development.Embed
[0.862s] -- Found ament_lint_auto: 0.12.11 (/opt/anaconda3/envs/ros2/share/ament_lint_auto/cmake)
[0.881s] -- Added test 'lint_cmake' to check CMake code style
[0.882s] -- Added test 'xmllint' to check XML markup files
[0.885s] -- Configuring done (0.8s)
[0.938s] -- Generating done (0.1s)
[0.938s] -- Build files have been written to: /Users/bogdancprljakovic/ros2_ws/build/custom_msg_pkg
[0.940s] Invoked command in '/Users/bogdancprljakovic/ros2_ws/build/custom_msg_pkg' returned '0': CMAKE_PREFIX_PATH=${CMAKE_PREFIX_PATH}:/Users/bogdancprljakovic/ros2_ws/install/text_publisher CONDA_PROMPT_MODIFIER=(ros2) SHLVL=2 _=/opt/anaconda3/envs/ros2/bin/env __CF_USER_TEXT_ENCODING=0x1F5:0x0:0x0 /opt/anaconda3/envs/ros2/bin/cmake /Users/bogdancprljakovic/ros2_ws/src/custom_msg_pkg -DCMAKE_INSTALL_PREFIX=/Users/bogdancprljakovic/ros2_ws/install/custom_msg_pkg
[0.942s] Invoking command in '/Users/bogdancprljakovic/ros2_ws/build/custom_msg_pkg': CMAKE_PREFIX_PATH=${CMAKE_PREFIX_PATH}:/Users/bogdancprljakovic/ros2_ws/install/text_publisher CONDA_PROMPT_MODIFIER=(ros2) SHLVL=2 _=/opt/anaconda3/envs/ros2/bin/env __CF_USER_TEXT_ENCODING=0x1F5:0x0:0x0 /opt/anaconda3/envs/ros2/bin/cmake --build /Users/bogdancprljakovic/ros2_ws/build/custom_msg_pkg -- -j8 -l8
[0.987s] [  3%] Generating C code for ROS interfaces
[0.999s] [  6%] Generating C++ code for ROS interfaces
[1.009s] [  6%] Built target ament_cmake_python_symlink_custom_msg_pkg
[1.130s] [  6%] Built target custom_msg_pkg__cpp
[1.143s] [ 12%] Generating C++ type support dispatch for ROS interfaces
[1.144s] [ 12%] Generating C++ introspection for ROS interfaces
[1.144s] running egg_info
[1.145s] writing custom_msg_pkg.egg-info/PKG-INFO
[1.145s] writing dependency_links to custom_msg_pkg.egg-info/dependency_links.txt
[1.145s] writing top-level names to custom_msg_pkg.egg-info/top_level.txt
[1.146s] [ 16%] Generating C++ type support for eProsima Fast-RTPS
[1.147s] reading manifest file 'custom_msg_pkg.egg-info/SOURCES.txt'
[1.147s] writing manifest file 'custom_msg_pkg.egg-info/SOURCES.txt'
[1.148s] [ 19%] Building C object CMakeFiles/custom_msg_pkg__rosidl_generator_c.dir/rosidl_generator_c/custom_msg_pkg/msg/detail/text_stamped__functions.c.o
[1.172s] [ 19%] Built target ament_cmake_python_build_custom_msg_pkg_egg
[1.278s] [ 22%] Building CXX object CMakeFiles/custom_msg_pkg__rosidl_typesupport_cpp.dir/rosidl_typesupport_cpp/custom_msg_pkg/msg/text_stamped__type_support.cpp.o
[1.285s] [ 25%] Building CXX object CMakeFiles/custom_msg_pkg__rosidl_typesupport_introspection_cpp.dir/rosidl_typesupport_introspection_cpp/custom_msg_pkg/msg/detail/text_stamped__type_support.cpp.o
[1.295s] [ 29%] Building CXX object CMakeFiles/custom_msg_pkg__rosidl_typesupport_fastrtps_cpp.dir/rosidl_typesupport_fastrtps_cpp/custom_msg_pkg/msg/detail/dds_fastrtps/text_stamped__type_support.cpp.o
[1.395s] [ 32%] Linking C shared library libcustom_msg_pkg__rosidl_generator_c.dylib
[1.468s] [ 32%] Built target custom_msg_pkg__rosidl_generator_c
[1.481s] [ 35%] Generating C introspection for ROS interfaces
[1.484s] [ 38%] Generating C type support dispatch for ROS interfaces
[1.487s] [ 41%] Generating C type support for eProsima Fast-RTPS
[1.630s] [ 45%] Building CXX object CMakeFiles/custom_msg_pkg__rosidl_typesupport_c.dir/rosidl_typesupport_c/custom_msg_pkg/msg/text_stamped__type_support.cpp.o
[1.650s] [ 48%] Building C object CMakeFiles/custom_msg_pkg__rosidl_typesupport_introspection_c.dir/rosidl_typesupport_introspection_c/custom_msg_pkg/msg/detail/text_stamped__type_support.c.o
[1.676s] [ 51%] Building CXX object CMakeFiles/custom_msg_pkg__rosidl_typesupport_fastrtps_c.dir/rosidl_typesupport_fastrtps_c/custom_msg_pkg/msg/detail/text_stamped__type_support_c.cpp.o
[1.681s] [ 54%] Linking CXX shared library libcustom_msg_pkg__rosidl_typesupport_c.dylib
[1.705s] [ 58%] Linking CXX shared library libcustom_msg_pkg__rosidl_typesupport_introspection_cpp.dylib
[1.708s] [ 61%] Linking C shared library libcustom_msg_pkg__rosidl_typesupport_introspection_c.dylib
[1.717s] [ 64%] Linking CXX shared library libcustom_msg_pkg__rosidl_typesupport_cpp.dylib
[1.749s] [ 64%] Built target custom_msg_pkg__rosidl_typesupport_c
[1.777s] [ 64%] Built target custom_msg_pkg__rosidl_typesupport_introspection_c
[1.779s] [ 64%] Built target custom_msg_pkg__rosidl_typesupport_introspection_cpp
[1.784s] [ 64%] Built target custom_msg_pkg__rosidl_typesupport_cpp
[1.797s] [ 67%] Linking CXX shared library libcustom_msg_pkg__rosidl_typesupport_fastrtps_cpp.dylib
[1.850s] [ 67%] Built target custom_msg_pkg__rosidl_typesupport_fastrtps_cpp
[2.039s] [ 70%] Linking CXX shared library libcustom_msg_pkg__rosidl_typesupport_fastrtps_c.dylib
[2.088s] [ 70%] Built target custom_msg_pkg__rosidl_typesupport_fastrtps_c
[2.111s] [ 70%] Built target custom_msg_pkg
[2.133s] [ 74%] Generating Python code for ROS interfaces
[2.264s] [ 74%] Built target custom_msg_pkg__py
[2.297s] [ 77%] Building C object CMakeFiles/custom_msg_pkg__rosidl_generator_py.dir/rosidl_generator_py/custom_msg_pkg/msg/_text_stamped_s.c.o
[2.382s] [ 80%] Linking C shared library rosidl_generator_py/custom_msg_pkg/libcustom_msg_pkg__rosidl_generator_py.dylib
[2.431s] [ 80%] Built target custom_msg_pkg__rosidl_generator_py
[2.463s] [ 83%] Building C object CMakeFiles/custom_msg_pkg__rosidl_typesupport_c__pyext.dir/rosidl_generator_py/custom_msg_pkg/_custom_msg_pkg_s.ep.rosidl_typesupport_c.c.o
[2.463s] [ 90%] Building C object CMakeFiles/custom_msg_pkg__rosidl_typesupport_introspection_c__pyext.dir/rosidl_generator_py/custom_msg_pkg/_custom_msg_pkg_s.ep.rosidl_typesupport_introspection_c.c.o
[2.463s] [ 90%] Building C object CMakeFiles/custom_msg_pkg__rosidl_typesupport_fastrtps_c__pyext.dir/rosidl_generator_py/custom_msg_pkg/_custom_msg_pkg_s.ep.rosidl_typesupport_fastrtps_c.c.o
[2.532s] [100%] Linking C shared library rosidl_generator_py/custom_msg_pkg/custom_msg_pkg_s__rosidl_typesupport_c.cpython-311-darwin.so
[2.532s] [100%] Linking C shared library rosidl_generator_py/custom_msg_pkg/custom_msg_pkg_s__rosidl_typesupport_fastrtps_c.cpython-311-darwin.so
[2.532s] [100%] Linking C shared library rosidl_generator_py/custom_msg_pkg/custom_msg_pkg_s__rosidl_typesupport_introspection_c.cpython-311-darwin.so
[2.590s] [100%] Built target custom_msg_pkg__rosidl_typesupport_fastrtps_c__pyext
[2.591s] [100%] Built target custom_msg_pkg__rosidl_typesupport_introspection_c__pyext
[2.591s] [100%] Built target custom_msg_pkg__rosidl_typesupport_c__pyext
[2.601s] Invoked command in '/Users/bogdancprljakovic/ros2_ws/build/custom_msg_pkg' returned '0': CMAKE_PREFIX_PATH=${CMAKE_PREFIX_PATH}:/Users/bogdancprljakovic/ros2_ws/install/text_publisher CONDA_PROMPT_MODIFIER=(ros2) SHLVL=2 _=/opt/anaconda3/envs/ros2/bin/env __CF_USER_TEXT_ENCODING=0x1F5:0x0:0x0 /opt/anaconda3/envs/ros2/bin/cmake --build /Users/bogdancprljakovic/ros2_ws/build/custom_msg_pkg -- -j8 -l8
[2.773s] Invoking command in '/Users/bogdancprljakovic/ros2_ws/build/custom_msg_pkg': CMAKE_PREFIX_PATH=${CMAKE_PREFIX_PATH}:/Users/bogdancprljakovic/ros2_ws/install/text_publisher CONDA_PROMPT_MODIFIER=(ros2) SHLVL=2 _=/opt/anaconda3/envs/ros2/bin/env __CF_USER_TEXT_ENCODING=0x1F5:0x0:0x0 /opt/anaconda3/envs/ros2/bin/cmake --install /Users/bogdancprljakovic/ros2_ws/build/custom_msg_pkg
[2.781s] -- Install configuration: ""
[2.782s] -- Execute custom install script
[2.782s] -- Up-to-date symlink: /Users/bogdancprljakovic/ros2_ws/install/custom_msg_pkg/share/ament_index/resource_index/rosidl_interfaces/custom_msg_pkg
[2.782s] -- Up-to-date symlink: /Users/bogdancprljakovic/ros2_ws/install/custom_msg_pkg/include/custom_msg_pkg/custom_msg_pkg/msg/detail/text_stamped__functions.h
[2.782s] -- Up-to-date symlink: /Users/bogdancprljakovic/ros2_ws/install/custom_msg_pkg/include/custom_msg_pkg/custom_msg_pkg/msg/detail/text_stamped__struct.h
[2.783s] -- Up-to-date symlink: /Users/bogdancprljakovic/ros2_ws/install/custom_msg_pkg/include/custom_msg_pkg/custom_msg_pkg/msg/detail/text_stamped__type_support.h
[2.783s] -- Up-to-date symlink: /Users/bogdancprljakovic/ros2_ws/install/custom_msg_pkg/include/custom_msg_pkg/custom_msg_pkg/msg/rosidl_generator_c__visibility_control.h
[2.783s] -- Up-to-date symlink: /Users/bogdancprljakovic/ros2_ws/install/custom_msg_pkg/include/custom_msg_pkg/custom_msg_pkg/msg/text_stamped.h
[2.783s] -- Up-to-date symlink: /Users/bogdancprljakovic/ros2_ws/install/custom_msg_pkg/include/custom_msg_pkg/custom_msg_pkg/msg/detail/text_stamped__rosidl_typesupport_fastrtps_c.h
[2.783s] -- Up-to-date symlink: /Users/bogdancprljakovic/ros2_ws/install/custom_msg_pkg/include/custom_msg_pkg/custom_msg_pkg/msg/rosidl_typesupport_fastrtps_c__visibility_control.h
[2.783s] -- Up-to-date symlink: /Users/bogdancprljakovic/ros2_ws/install/custom_msg_pkg/include/custom_msg_pkg/custom_msg_pkg/msg/detail/text_stamped__builder.hpp
[2.783s] -- Up-to-date symlink: /Users/bogdancprljakovic/ros2_ws/install/custom_msg_pkg/include/custom_msg_pkg/custom_msg_pkg/msg/detail/text_stamped__struct.hpp
[2.783s] -- Up-to-date symlink: /Users/bogdancprljakovic/ros2_ws/install/custom_msg_pkg/include/custom_msg_pkg/custom_msg_pkg/msg/detail/text_stamped__traits.hpp
[2.784s] -- Up-to-date symlink: /Users/bogdancprljakovic/ros2_ws/install/custom_msg_pkg/include/custom_msg_pkg/custom_msg_pkg/msg/detail/text_stamped__type_support.hpp
[2.784s] -- Up-to-date symlink: /Users/bogdancprljakovic/ros2_ws/install/custom_msg_pkg/include/custom_msg_pkg/custom_msg_pkg/msg/rosidl_generator_cpp__visibility_control.hpp
[2.784s] -- Up-to-date symlink: /Users/bogdancprljakovic/ros2_ws/install/custom_msg_pkg/include/custom_msg_pkg/custom_msg_pkg/msg/text_stamped.hpp
[2.784s] -- Up-to-date symlink: /Users/bogdancprljakovic/ros2_ws/install/custom_msg_pkg/include/custom_msg_pkg/custom_msg_pkg/msg/detail/text_stamped__rosidl_typesupport_fastrtps_cpp.hpp
[2.784s] -- Up-to-date symlink: /Users/bogdancprljakovic/ros2_ws/install/custom_msg_pkg/include/custom_msg_pkg/custom_msg_pkg/msg/rosidl_typesupport_fastrtps_cpp__visibility_control.h
[2.784s] -- Up-to-date symlink: /Users/bogdancprljakovic/ros2_ws/install/custom_msg_pkg/include/custom_msg_pkg/custom_msg_pkg/msg/detail/text_stamped__rosidl_typesupport_introspection_c.h
[2.784s] -- Up-to-date symlink: /Users/bogdancprljakovic/ros2_ws/install/custom_msg_pkg/include/custom_msg_pkg/custom_msg_pkg/msg/rosidl_typesupport_introspection_c__visibility_control.h
[2.785s] -- Up-to-date symlink: /Users/bogdancprljakovic/ros2_ws/install/custom_msg_pkg/include/custom_msg_pkg/custom_msg_pkg/msg/detail/text_stamped__rosidl_typesupport_introspection_cpp.hpp
[2.785s] -- Up-to-date symlink: /Users/bogdancprljakovic/ros2_ws/install/custom_msg_pkg/share/custom_msg_pkg/environment/pythonpath.sh
[2.785s] -- Up-to-date symlink: /Users/bogdancprljakovic/ros2_ws/install/custom_msg_pkg/share/custom_msg_pkg/environment/pythonpath.dsv
[2.785s] -- Up-to-date symlink: /Users/bogdancprljakovic/ros2_ws/install/custom_msg_pkg/lib/python3.11/site-packages/custom_msg_pkg-0.0.0-py3.11.egg-info/PKG-INFO
[2.785s] -- Up-to-date symlink: /Users/bogdancprljakovic/ros2_ws/install/custom_msg_pkg/lib/python3.11/site-packages/custom_msg_pkg-0.0.0-py3.11.egg-info/SOURCES.txt
[2.785s] -- Up-to-date symlink: /Users/bogdancprljakovic/ros2_ws/install/custom_msg_pkg/lib/python3.11/site-packages/custom_msg_pkg-0.0.0-py3.11.egg-info/dependency_links.txt
[2.785s] -- Up-to-date symlink: /Users/bogdancprljakovic/ros2_ws/install/custom_msg_pkg/lib/python3.11/site-packages/custom_msg_pkg-0.0.0-py3.11.egg-info/top_level.txt
[2.786s] -- Up-to-date symlink: /Users/bogdancprljakovic/ros2_ws/install/custom_msg_pkg/lib/python3.11/site-packages/custom_msg_pkg/__init__.py
[2.786s] -- Up-to-date symlink: /Users/bogdancprljakovic/ros2_ws/install/custom_msg_pkg/lib/python3.11/site-packages/custom_msg_pkg/_custom_msg_pkg_s.ep.rosidl_typesupport_c.c
[2.786s] -- Up-to-date symlink: /Users/bogdancprljakovic/ros2_ws/install/custom_msg_pkg/lib/python3.11/site-packages/custom_msg_pkg/_custom_msg_pkg_s.ep.rosidl_typesupport_fastrtps_c.c
[2.786s] -- Up-to-date symlink: /Users/bogdancprljakovic/ros2_ws/install/custom_msg_pkg/lib/python3.11/site-packages/custom_msg_pkg/_custom_msg_pkg_s.ep.rosidl_typesupport_introspection_c.c
[2.786s] -- Up-to-date symlink: /Users/bogdancprljakovic/ros2_ws/install/custom_msg_pkg/lib/python3.11/site-packages/custom_msg_pkg/custom_msg_pkg_s__rosidl_typesupport_c.cpython-311-darwin.so
[2.786s] -- Up-to-date symlink: /Users/bogdancprljakovic/ros2_ws/install/custom_msg_pkg/lib/python3.11/site-packages/custom_msg_pkg/custom_msg_pkg_s__rosidl_typesupport_fastrtps_c.cpython-311-darwin.so
[2.786s] -- Up-to-date symlink: /Users/bogdancprljakovic/ros2_ws/install/custom_msg_pkg/lib/python3.11/site-packages/custom_msg_pkg/custom_msg_pkg_s__rosidl_typesupport_introspection_c.cpython-311-darwin.so
[2.786s] -- Up-to-date symlink: /Users/bogdancprljakovic/ros2_ws/install/custom_msg_pkg/lib/python3.11/site-packages/custom_msg_pkg/libcustom_msg_pkg__rosidl_generator_py.dylib
[2.786s] -- Up-to-date symlink: /Users/bogdancprljakovic/ros2_ws/install/custom_msg_pkg/lib/python3.11/site-packages/custom_msg_pkg/msg/__init__.py
[2.786s] -- Up-to-date symlink: /Users/bogdancprljakovic/ros2_ws/install/custom_msg_pkg/lib/python3.11/site-packages/custom_msg_pkg/msg/_text_stamped.py
[2.786s] -- Up-to-date symlink: /Users/bogdancprljakovic/ros2_ws/install/custom_msg_pkg/lib/python3.11/site-packages/custom_msg_pkg/msg/_text_stamped_s.c
[2.787s] -- Up-to-date symlink: /Users/bogdancprljakovic/ros2_ws/install/custom_msg_pkg/lib/python3.11/site-packages/custom_msg_pkg/custom_msg_pkg_s__rosidl_typesupport_fastrtps_c.cpython-311-darwin.so
[2.787s] -- Up-to-date symlink: /Users/bogdancprljakovic/ros2_ws/install/custom_msg_pkg/lib/python3.11/site-packages/custom_msg_pkg/custom_msg_pkg_s__rosidl_typesupport_introspection_c.cpython-311-darwin.so
[2.787s] -- Up-to-date symlink: /Users/bogdancprljakovic/ros2_ws/install/custom_msg_pkg/lib/python3.11/site-packages/custom_msg_pkg/custom_msg_pkg_s__rosidl_typesupport_c.cpython-311-darwin.so
[2.787s] -- Up-to-date symlink: /Users/bogdancprljakovic/ros2_ws/install/custom_msg_pkg/share/custom_msg_pkg/msg/TextStamped.idl
[2.787s] -- Up-to-date symlink: /Users/bogdancprljakovic/ros2_ws/install/custom_msg_pkg/share/custom_msg_pkg/msg/TextStamped.msg
[2.787s] -- Up-to-date symlink: /Users/bogdancprljakovic/ros2_ws/install/custom_msg_pkg/share/ament_index/resource_index/package_run_dependencies/custom_msg_pkg
[2.787s] -- Up-to-date symlink: /Users/bogdancprljakovic/ros2_ws/install/custom_msg_pkg/share/ament_index/resource_index/parent_prefix_path/custom_msg_pkg
[2.787s] -- Up-to-date symlink: /Users/bogdancprljakovic/ros2_ws/install/custom_msg_pkg/share/custom_msg_pkg/environment/ament_prefix_path.sh
[2.787s] -- Up-to-date symlink: /Users/bogdancprljakovic/ros2_ws/install/custom_msg_pkg/share/custom_msg_pkg/environment/ament_prefix_path.dsv
[2.788s] -- Up-to-date symlink: /Users/bogdancprljakovic/ros2_ws/install/custom_msg_pkg/share/custom_msg_pkg/environment/path.sh
[2.788s] -- Up-to-date symlink: /Users/bogdancprljakovic/ros2_ws/install/custom_msg_pkg/share/custom_msg_pkg/environment/path.dsv
[2.788s] -- Up-to-date symlink: /Users/bogdancprljakovic/ros2_ws/install/custom_msg_pkg/share/custom_msg_pkg/local_setup.bash
[2.788s] -- Up-to-date symlink: /Users/bogdancprljakovic/ros2_ws/install/custom_msg_pkg/share/custom_msg_pkg/local_setup.sh
[2.788s] -- Up-to-date symlink: /Users/bogdancprljakovic/ros2_ws/install/custom_msg_pkg/share/custom_msg_pkg/local_setup.zsh
[2.788s] -- Up-to-date symlink: /Users/bogdancprljakovic/ros2_ws/install/custom_msg_pkg/share/custom_msg_pkg/local_setup.dsv
[2.788s] -- Symlinking: /Users/bogdancprljakovic/ros2_ws/install/custom_msg_pkg/share/custom_msg_pkg/package.dsv
[2.796s] -- Up-to-date symlink: /Users/bogdancprljakovic/ros2_ws/install/custom_msg_pkg/share/ament_index/resource_index/packages/custom_msg_pkg
[2.796s] -- Up-to-date symlink: /Users/bogdancprljakovic/ros2_ws/install/custom_msg_pkg/share/custom_msg_pkg/cmake/rosidl_cmake-extras.cmake
[2.796s] -- Up-to-date symlink: /Users/bogdancprljakovic/ros2_ws/install/custom_msg_pkg/share/custom_msg_pkg/cmake/ament_cmake_export_dependencies-extras.cmake
[2.797s] -- Up-to-date symlink: /Users/bogdancprljakovic/ros2_ws/install/custom_msg_pkg/share/custom_msg_pkg/cmake/ament_cmake_export_include_directories-extras.cmake
[2.797s] -- Up-to-date symlink: /Users/bogdancprljakovic/ros2_ws/install/custom_msg_pkg/share/custom_msg_pkg/cmake/ament_cmake_export_libraries-extras.cmake
[2.797s] -- Up-to-date symlink: /Users/bogdancprljakovic/ros2_ws/install/custom_msg_pkg/share/custom_msg_pkg/cmake/ament_cmake_export_targets-extras.cmake
[2.797s] -- Up-to-date symlink: /Users/bogdancprljakovic/ros2_ws/install/custom_msg_pkg/share/custom_msg_pkg/cmake/rosidl_cmake_export_typesupport_targets-extras.cmake
[2.797s] -- Up-to-date symlink: /Users/bogdancprljakovic/ros2_ws/install/custom_msg_pkg/share/custom_msg_pkg/cmake/rosidl_cmake_export_typesupport_libraries-extras.cmake
[2.797s] -- Up-to-date symlink: /Users/bogdancprljakovic/ros2_ws/install/custom_msg_pkg/share/custom_msg_pkg/cmake/custom_msg_pkgConfig.cmake
[2.797s] -- Up-to-date symlink: /Users/bogdancprljakovic/ros2_ws/install/custom_msg_pkg/share/custom_msg_pkg/cmake/custom_msg_pkgConfig-version.cmake
[2.797s] -- Up-to-date symlink: /Users/bogdancprljakovic/ros2_ws/install/custom_msg_pkg/share/custom_msg_pkg/package.xml
[2.798s] -- Installing: /Users/bogdancprljakovic/ros2_ws/install/custom_msg_pkg/lib/libcustom_msg_pkg__rosidl_generator_c.dylib
[2.798s] -- Installing: /Users/bogdancprljakovic/ros2_ws/install/custom_msg_pkg/lib/libcustom_msg_pkg__rosidl_typesupport_fastrtps_c.dylib
[2.800s] /opt/anaconda3/envs/ros2/bin/install_name_tool: warning: changes being made to the file will invalidate the code signature in: /Users/bogdancprljakovic/ros2_ws/install/custom_msg_pkg/lib/libcustom_msg_pkg__rosidl_typesupport_fastrtps_c.dylib
[2.801s] [cctools-port]: generating fake signature for '/Users/bogdancprljakovic/ros2_ws/install/custom_msg_pkg/lib/libcustom_msg_pkg__rosidl_typesupport_fastrtps_c.dylib'
[2.836s] -- Installing: /Users/bogdancprljakovic/ros2_ws/install/custom_msg_pkg/lib/libcustom_msg_pkg__rosidl_typesupport_fastrtps_cpp.dylib
[2.836s] -- Installing: /Users/bogdancprljakovic/ros2_ws/install/custom_msg_pkg/lib/libcustom_msg_pkg__rosidl_typesupport_introspection_c.dylib
[2.838s] /opt/anaconda3/envs/ros2/bin/install_name_tool: warning: changes being made to the file will invalidate the code signature in: /Users/bogdancprljakovic/ros2_ws/install/custom_msg_pkg/lib/libcustom_msg_pkg__rosidl_typesupport_introspection_c.dylib
[2.838s] [cctools-port]: generating fake signature for '/Users/bogdancprljakovic/ros2_ws/install/custom_msg_pkg/lib/libcustom_msg_pkg__rosidl_typesupport_introspection_c.dylib'
[2.844s] -- Installing: /Users/bogdancprljakovic/ros2_ws/install/custom_msg_pkg/lib/libcustom_msg_pkg__rosidl_typesupport_c.dylib
[2.845s] /opt/anaconda3/envs/ros2/bin/install_name_tool: warning: changes being made to the file will invalidate the code signature in: /Users/bogdancprljakovic/ros2_ws/install/custom_msg_pkg/lib/libcustom_msg_pkg__rosidl_typesupport_c.dylib
[2.846s] [cctools-port]: generating fake signature for '/Users/bogdancprljakovic/ros2_ws/install/custom_msg_pkg/lib/libcustom_msg_pkg__rosidl_typesupport_c.dylib'
[2.852s] -- Installing: /Users/bogdancprljakovic/ros2_ws/install/custom_msg_pkg/lib/libcustom_msg_pkg__rosidl_typesupport_introspection_cpp.dylib
[2.852s] -- Installing: /Users/bogdancprljakovic/ros2_ws/install/custom_msg_pkg/lib/libcustom_msg_pkg__rosidl_typesupport_cpp.dylib
[2.869s] Listing 'lib/python3.11/site-packages/custom_msg_pkg'...
[2.870s] Can't list 'lib/python3.11/site-packages/custom_msg_pkg'
[2.872s] -- Installing: /Users/bogdancprljakovic/ros2_ws/install/custom_msg_pkg/lib/libcustom_msg_pkg__rosidl_generator_py.dylib
[2.873s] /opt/anaconda3/envs/ros2/bin/install_name_tool: warning: changes being made to the file will invalidate the code signature in: /Users/bogdancprljakovic/ros2_ws/install/custom_msg_pkg/lib/libcustom_msg_pkg__rosidl_generator_py.dylib
[2.874s] [cctools-port]: generating fake signature for '/Users/bogdancprljakovic/ros2_ws/install/custom_msg_pkg/lib/libcustom_msg_pkg__rosidl_generator_py.dylib'
[2.880s] -- Up-to-date: /Users/bogdancprljakovic/ros2_ws/install/custom_msg_pkg/share/custom_msg_pkg/cmake/export_custom_msg_pkg__rosidl_generator_cExport.cmake
[2.880s] -- Up-to-date: /Users/bogdancprljakovic/ros2_ws/install/custom_msg_pkg/share/custom_msg_pkg/cmake/export_custom_msg_pkg__rosidl_generator_cExport-noconfig.cmake
[2.880s] -- Up-to-date: /Users/bogdancprljakovic/ros2_ws/install/custom_msg_pkg/share/custom_msg_pkg/cmake/export_custom_msg_pkg__rosidl_typesupport_fastrtps_cExport.cmake
[2.880s] -- Up-to-date: /Users/bogdancprljakovic/ros2_ws/install/custom_msg_pkg/share/custom_msg_pkg/cmake/export_custom_msg_pkg__rosidl_typesupport_fastrtps_cExport-noconfig.cmake
[2.881s] -- Up-to-date: /Users/bogdancprljakovic/ros2_ws/install/custom_msg_pkg/share/custom_msg_pkg/cmake/export_custom_msg_pkg__rosidl_generator_cppExport.cmake
[2.881s] -- Up-to-date: /Users/bogdancprljakovic/ros2_ws/install/custom_msg_pkg/share/custom_msg_pkg/cmake/export_custom_msg_pkg__rosidl_typesupport_fastrtps_cppExport.cmake
[2.881s] -- Up-to-date: /Users/bogdancprljakovic/ros2_ws/install/custom_msg_pkg/share/custom_msg_pkg/cmake/export_custom_msg_pkg__rosidl_typesupport_fastrtps_cppExport-noconfig.cmake
[2.881s] -- Up-to-date: /Users/bogdancprljakovic/ros2_ws/install/custom_msg_pkg/share/custom_msg_pkg/cmake/custom_msg_pkg__rosidl_typesupport_introspection_cExport.cmake
[2.881s] -- Up-to-date: /Users/bogdancprljakovic/ros2_ws/install/custom_msg_pkg/share/custom_msg_pkg/cmake/custom_msg_pkg__rosidl_typesupport_introspection_cExport-noconfig.cmake
[2.881s] -- Up-to-date: /Users/bogdancprljakovic/ros2_ws/install/custom_msg_pkg/share/custom_msg_pkg/cmake/custom_msg_pkg__rosidl_typesupport_cExport.cmake
[2.881s] -- Up-to-date: /Users/bogdancprljakovic/ros2_ws/install/custom_msg_pkg/share/custom_msg_pkg/cmake/custom_msg_pkg__rosidl_typesupport_cExport-noconfig.cmake
[2.881s] -- Up-to-date: /Users/bogdancprljakovic/ros2_ws/install/custom_msg_pkg/share/custom_msg_pkg/cmake/custom_msg_pkg__rosidl_typesupport_introspection_cppExport.cmake
[2.881s] -- Up-to-date: /Users/bogdancprljakovic/ros2_ws/install/custom_msg_pkg/share/custom_msg_pkg/cmake/custom_msg_pkg__rosidl_typesupport_introspection_cppExport-noconfig.cmake
[2.881s] -- Up-to-date: /Users/bogdancprljakovic/ros2_ws/install/custom_msg_pkg/share/custom_msg_pkg/cmake/custom_msg_pkg__rosidl_typesupport_cppExport.cmake
[2.882s] -- Up-to-date: /Users/bogdancprljakovic/ros2_ws/install/custom_msg_pkg/share/custom_msg_pkg/cmake/custom_msg_pkg__rosidl_typesupport_cppExport-noconfig.cmake
[2.882s] -- Up-to-date: /Users/bogdancprljakovic/ros2_ws/install/custom_msg_pkg/share/custom_msg_pkg/cmake/export_custom_msg_pkg__rosidl_generator_pyExport.cmake
[2.882s] -- Up-to-date: /Users/bogdancprljakovic/ros2_ws/install/custom_msg_pkg/share/custom_msg_pkg/cmake/export_custom_msg_pkg__rosidl_generator_pyExport-noconfig.cmake
[2.883s] Invoked command in '/Users/bogdancprljakovic/ros2_ws/build/custom_msg_pkg' returned '0': CMAKE_PREFIX_PATH=${CMAKE_PREFIX_PATH}:/Users/bogdancprljakovic/ros2_ws/install/text_publisher CONDA_PROMPT_MODIFIER=(ros2) SHLVL=2 _=/opt/anaconda3/envs/ros2/bin/env __CF_USER_TEXT_ENCODING=0x1F5:0x0:0x0 /opt/anaconda3/envs/ros2/bin/cmake --install /Users/bogdancprljakovic/ros2_ws/build/custom_msg_pkg
