[0.339s] Invoking command in '/Users/bogdancprljakovic/ros2_ws/build/text_publisher': AMENT_PREFIX_PATH=/Users/bogdancprljakovic/ros2_ws/install/custom_msg_pkg:${AMENT_PREFIX_PATH} CMAKE_PREFIX_PATH=/Users/bogdancprljakovic/ros2_ws/install/custom_msg_pkg${CMAKE_PREFIX_PATH} CONDA_PROMPT_MODIFIER=(ros2) DYLD_LIBRARY_PATH=/Users/bogdancprljakovic/ros2_ws/install/custom_msg_pkg/lib PYTHONPATH=/Users/bogdancprljakovic/ros2_ws/build/text_publisher/prefix_override:/opt/anaconda3/envs/ros2/lib/python3.11/site-packages/colcon_core/task/python/colcon_distutils_commands:/Users/bogdancprljakovic/ros2_ws/install/text_publisher/lib/python3.11/site-packages:/Users/bogdancprljakovic/ros2_ws/install/custom_msg_pkg/lib/python3.11/site-packages:${PYTHONPATH} SHLVL=2 _=/opt/anaconda3/envs/ros2/bin/env __CF_USER_TEXT_ENCODING=0x1F5:0x0:0x0 /opt/anaconda3/envs/ros2/bin/python3.11 -W ignore:setup.py install is deprecated -W ignore:easy_install command is deprecated setup.py develop --editable --build-directory /Users/bogdancprljakovic/ros2_ws/build/text_publisher/build --no-deps symlink_data
[0.456s] running develop
[0.534s] running egg_info
[0.534s] creating text_publisher.egg-info
[0.535s] writing text_publisher.egg-info/PKG-INFO
[0.535s] writing dependency_links to text_publisher.egg-info/dependency_links.txt
[0.535s] writing entry points to text_publisher.egg-info/entry_points.txt
[0.535s] writing requirements to text_publisher.egg-info/requires.txt
[0.535s] writing top-level names to text_publisher.egg-info/top_level.txt
[0.535s] writing manifest file 'text_publisher.egg-info/SOURCES.txt'
[0.536s] reading manifest file 'text_publisher.egg-info/SOURCES.txt'
[0.536s] writing manifest file 'text_publisher.egg-info/SOURCES.txt'
[0.536s] running build_ext
[0.536s] Creating /Users/bogdancprljakovic/ros2_ws/install/text_publisher/lib/python3.11/site-packages/text-publisher.egg-link (link to .)
[0.537s] Installing publisher_node script to /Users/bogdancprljakovic/ros2_ws/install/text_publisher/lib/text_publisher
[0.537s] 
[0.537s] Installed /Users/bogdancprljakovic/ros2_ws/build/text_publisher
[0.537s] running symlink_data
[0.537s] creating /Users/bogdancprljakovic/ros2_ws/install/text_publisher/share/ament_index
[0.537s] creating /Users/bogdancprljakovic/ros2_ws/install/text_publisher/share/ament_index/resource_index
[0.537s] creating /Users/bogdancprljakovic/ros2_ws/install/text_publisher/share/ament_index/resource_index/packages
[0.537s] symbolically linking /Users/bogdancprljakovic/ros2_ws/build/text_publisher/resource/text_publisher -> /Users/bogdancprljakovic/ros2_ws/install/text_publisher/share/ament_index/resource_index/packages
[0.537s] symbolically linking /Users/bogdancprljakovic/ros2_ws/build/text_publisher/package.xml -> /Users/bogdancprljakovic/ros2_ws/install/text_publisher/share/text_publisher
[0.550s] Invoked command in '/Users/bogdancprljakovic/ros2_ws/build/text_publisher' returned '0': AMENT_PREFIX_PATH=/Users/bogdancprljakovic/ros2_ws/install/custom_msg_pkg:${AMENT_PREFIX_PATH} CMAKE_PREFIX_PATH=/Users/bogdancprljakovic/ros2_ws/install/custom_msg_pkg${CMAKE_PREFIX_PATH} CONDA_PROMPT_MODIFIER=(ros2) DYLD_LIBRARY_PATH=/Users/bogdancprljakovic/ros2_ws/install/custom_msg_pkg/lib PYTHONPATH=/Users/bogdancprljakovic/ros2_ws/build/text_publisher/prefix_override:/opt/anaconda3/envs/ros2/lib/python3.11/site-packages/colcon_core/task/python/colcon_distutils_commands:/Users/bogdancprljakovic/ros2_ws/install/text_publisher/lib/python3.11/site-packages:/Users/bogdancprljakovic/ros2_ws/install/custom_msg_pkg/lib/python3.11/site-packages:${PYTHONPATH} SHLVL=2 _=/opt/anaconda3/envs/ros2/bin/env __CF_USER_TEXT_ENCODING=0x1F5:0x0:0x0 /opt/anaconda3/envs/ros2/bin/python3.11 -W ignore:setup.py install is deprecated -W ignore:easy_install command is deprecated setup.py develop --editable --build-directory /Users/bogdancprljakovic/ros2_ws/build/text_publisher/build --no-deps symlink_data
