[  3%] Built target custom_msg_pkg__cpp
[  3%] Built target ament_cmake_python_symlink_custom_msg_pkg
[ 12%] Built target custom_msg_pkg__rosidl_generator_c
[ 22%] Built target custom_msg_pkg__rosidl_typesupport_c
[ 32%] Built target custom_msg_pkg__rosidl_typesupport_introspection_c
[ 48%] Built target custom_msg_pkg__rosidl_typesupport_fastrtps_c
[ 51%] Built target custom_msg_pkg__rosidl_typesupport_fastrtps_cpp
[ 61%] Built target custom_msg_pkg__rosidl_typesupport_cpp
[ 70%] Built target custom_msg_pkg__rosidl_typesupport_introspection_cpp
[ 70%] Built target custom_msg_pkg
[ 74%] Built target custom_msg_pkg__py
running egg_info
writing custom_msg_pkg.egg-info/PKG-INFO
writing dependency_links to custom_msg_pkg.egg-info/dependency_links.txt
writing top-level names to custom_msg_pkg.egg-info/top_level.txt
reading manifest file 'custom_msg_pkg.egg-info/SOURCES.txt'
writing manifest file 'custom_msg_pkg.egg-info/SOURCES.txt'
[ 80%] Built target custom_msg_pkg__rosidl_generator_py
[ 80%] Built target ament_cmake_python_build_custom_msg_pkg_egg
[100%] Built target custom_msg_pkg__rosidl_typesupport_c__pyext
[100%] Built target custom_msg_pkg__rosidl_typesupport_introspection_c__pyext
[100%] Built target custom_msg_pkg__rosidl_typesupport_fastrtps_c__pyext
-- Install configuration: ""
-- Execute custom install script
-- Up-to-date symlink: /Users/bogdancprljakovic/ros2_ws/install/custom_msg_pkg/share/ament_index/resource_index/rosidl_interfaces/custom_msg_pkg
-- Up-to-date symlink: /Users/bogdancprljakovic/ros2_ws/install/custom_msg_pkg/include/custom_msg_pkg/custom_msg_pkg/msg/detail/text_stamped__functions.h
-- Up-to-date symlink: /Users/bogdancprljakovic/ros2_ws/install/custom_msg_pkg/include/custom_msg_pkg/custom_msg_pkg/msg/detail/text_stamped__struct.h
-- Up-to-date symlink: /Users/bogdancprljakovic/ros2_ws/install/custom_msg_pkg/include/custom_msg_pkg/custom_msg_pkg/msg/detail/text_stamped__type_support.h
-- Up-to-date symlink: /Users/bogdancprljakovic/ros2_ws/install/custom_msg_pkg/include/custom_msg_pkg/custom_msg_pkg/msg/rosidl_generator_c__visibility_control.h
-- Up-to-date symlink: /Users/bogdancprljakovic/ros2_ws/install/custom_msg_pkg/include/custom_msg_pkg/custom_msg_pkg/msg/text_stamped.h
-- Up-to-date symlink: /Users/bogdancprljakovic/ros2_ws/install/custom_msg_pkg/include/custom_msg_pkg/custom_msg_pkg/msg/detail/text_stamped__rosidl_typesupport_fastrtps_c.h
-- Up-to-date symlink: /Users/bogdancprljakovic/ros2_ws/install/custom_msg_pkg/include/custom_msg_pkg/custom_msg_pkg/msg/rosidl_typesupport_fastrtps_c__visibility_control.h
-- Up-to-date symlink: /Users/bogdancprljakovic/ros2_ws/install/custom_msg_pkg/include/custom_msg_pkg/custom_msg_pkg/msg/detail/text_stamped__builder.hpp
-- Up-to-date symlink: /Users/bogdancprljakovic/ros2_ws/install/custom_msg_pkg/include/custom_msg_pkg/custom_msg_pkg/msg/detail/text_stamped__struct.hpp
-- Up-to-date symlink: /Users/bogdancprljakovic/ros2_ws/install/custom_msg_pkg/include/custom_msg_pkg/custom_msg_pkg/msg/detail/text_stamped__traits.hpp
-- Up-to-date symlink: /Users/bogdancprljakovic/ros2_ws/install/custom_msg_pkg/include/custom_msg_pkg/custom_msg_pkg/msg/detail/text_stamped__type_support.hpp
-- Up-to-date symlink: /Users/bogdancprljakovic/ros2_ws/install/custom_msg_pkg/include/custom_msg_pkg/custom_msg_pkg/msg/rosidl_generator_cpp__visibility_control.hpp
-- Up-to-date symlink: /Users/bogdancprljakovic/ros2_ws/install/custom_msg_pkg/include/custom_msg_pkg/custom_msg_pkg/msg/text_stamped.hpp
-- Up-to-date symlink: /Users/bogdancprljakovic/ros2_ws/install/custom_msg_pkg/include/custom_msg_pkg/custom_msg_pkg/msg/detail/text_stamped__rosidl_typesupport_fastrtps_cpp.hpp
-- Up-to-date symlink: /Users/bogdancprljakovic/ros2_ws/install/custom_msg_pkg/include/custom_msg_pkg/custom_msg_pkg/msg/rosidl_typesupport_fastrtps_cpp__visibility_control.h
-- Up-to-date symlink: /Users/bogdancprljakovic/ros2_ws/install/custom_msg_pkg/include/custom_msg_pkg/custom_msg_pkg/msg/detail/text_stamped__rosidl_typesupport_introspection_c.h
-- Up-to-date symlink: /Users/bogdancprljakovic/ros2_ws/install/custom_msg_pkg/include/custom_msg_pkg/custom_msg_pkg/msg/rosidl_typesupport_introspection_c__visibility_control.h
-- Up-to-date symlink: /Users/bogdancprljakovic/ros2_ws/install/custom_msg_pkg/include/custom_msg_pkg/custom_msg_pkg/msg/detail/text_stamped__rosidl_typesupport_introspection_cpp.hpp
-- Up-to-date symlink: /Users/bogdancprljakovic/ros2_ws/install/custom_msg_pkg/share/custom_msg_pkg/environment/pythonpath.sh
-- Up-to-date symlink: /Users/bogdancprljakovic/ros2_ws/install/custom_msg_pkg/share/custom_msg_pkg/environment/pythonpath.dsv
-- Up-to-date symlink: /Users/bogdancprljakovic/ros2_ws/install/custom_msg_pkg/lib/python3.11/site-packages/custom_msg_pkg-0.0.0-py3.11.egg-info/PKG-INFO
-- Up-to-date symlink: /Users/bogdancprljakovic/ros2_ws/install/custom_msg_pkg/lib/python3.11/site-packages/custom_msg_pkg-0.0.0-py3.11.egg-info/SOURCES.txt
-- Up-to-date symlink: /Users/bogdancprljakovic/ros2_ws/install/custom_msg_pkg/lib/python3.11/site-packages/custom_msg_pkg-0.0.0-py3.11.egg-info/dependency_links.txt
-- Up-to-date symlink: /Users/bogdancprljakovic/ros2_ws/install/custom_msg_pkg/lib/python3.11/site-packages/custom_msg_pkg-0.0.0-py3.11.egg-info/top_level.txt
-- Up-to-date symlink: /Users/bogdancprljakovic/ros2_ws/install/custom_msg_pkg/lib/python3.11/site-packages/custom_msg_pkg/__init__.py
-- Up-to-date symlink: /Users/bogdancprljakovic/ros2_ws/install/custom_msg_pkg/lib/python3.11/site-packages/custom_msg_pkg/_custom_msg_pkg_s.ep.rosidl_typesupport_c.c
-- Up-to-date symlink: /Users/bogdancprljakovic/ros2_ws/install/custom_msg_pkg/lib/python3.11/site-packages/custom_msg_pkg/_custom_msg_pkg_s.ep.rosidl_typesupport_fastrtps_c.c
-- Up-to-date symlink: /Users/bogdancprljakovic/ros2_ws/install/custom_msg_pkg/lib/python3.11/site-packages/custom_msg_pkg/_custom_msg_pkg_s.ep.rosidl_typesupport_introspection_c.c
-- Up-to-date symlink: /Users/bogdancprljakovic/ros2_ws/install/custom_msg_pkg/lib/python3.11/site-packages/custom_msg_pkg/custom_msg_pkg_s__rosidl_typesupport_c.cpython-311-darwin.so
-- Up-to-date symlink: /Users/bogdancprljakovic/ros2_ws/install/custom_msg_pkg/lib/python3.11/site-packages/custom_msg_pkg/custom_msg_pkg_s__rosidl_typesupport_fastrtps_c.cpython-311-darwin.so
-- Up-to-date symlink: /Users/bogdancprljakovic/ros2_ws/install/custom_msg_pkg/lib/python3.11/site-packages/custom_msg_pkg/custom_msg_pkg_s__rosidl_typesupport_introspection_c.cpython-311-darwin.so
-- Up-to-date symlink: /Users/bogdancprljakovic/ros2_ws/install/custom_msg_pkg/lib/python3.11/site-packages/custom_msg_pkg/libcustom_msg_pkg__rosidl_generator_py.dylib
-- Up-to-date symlink: /Users/bogdancprljakovic/ros2_ws/install/custom_msg_pkg/lib/python3.11/site-packages/custom_msg_pkg/msg/__init__.py
-- Up-to-date symlink: /Users/bogdancprljakovic/ros2_ws/install/custom_msg_pkg/lib/python3.11/site-packages/custom_msg_pkg/msg/_text_stamped.py
-- Up-to-date symlink: /Users/bogdancprljakovic/ros2_ws/install/custom_msg_pkg/lib/python3.11/site-packages/custom_msg_pkg/msg/_text_stamped_s.c
-- Up-to-date symlink: /Users/bogdancprljakovic/ros2_ws/install/custom_msg_pkg/lib/python3.11/site-packages/custom_msg_pkg/custom_msg_pkg_s__rosidl_typesupport_fastrtps_c.cpython-311-darwin.so
-- Up-to-date symlink: /Users/bogdancprljakovic/ros2_ws/install/custom_msg_pkg/lib/python3.11/site-packages/custom_msg_pkg/custom_msg_pkg_s__rosidl_typesupport_introspection_c.cpython-311-darwin.so
-- Up-to-date symlink: /Users/bogdancprljakovic/ros2_ws/install/custom_msg_pkg/lib/python3.11/site-packages/custom_msg_pkg/custom_msg_pkg_s__rosidl_typesupport_c.cpython-311-darwin.so
-- Up-to-date symlink: /Users/bogdancprljakovic/ros2_ws/install/custom_msg_pkg/share/custom_msg_pkg/msg/TextStamped.idl
-- Up-to-date symlink: /Users/bogdancprljakovic/ros2_ws/install/custom_msg_pkg/share/custom_msg_pkg/msg/TextStamped.msg
-- Up-to-date symlink: /Users/bogdancprljakovic/ros2_ws/install/custom_msg_pkg/share/ament_index/resource_index/package_run_dependencies/custom_msg_pkg
-- Up-to-date symlink: /Users/bogdancprljakovic/ros2_ws/install/custom_msg_pkg/share/ament_index/resource_index/parent_prefix_path/custom_msg_pkg
-- Up-to-date symlink: /Users/bogdancprljakovic/ros2_ws/install/custom_msg_pkg/share/custom_msg_pkg/environment/ament_prefix_path.sh
-- Up-to-date symlink: /Users/bogdancprljakovic/ros2_ws/install/custom_msg_pkg/share/custom_msg_pkg/environment/ament_prefix_path.dsv
-- Up-to-date symlink: /Users/bogdancprljakovic/ros2_ws/install/custom_msg_pkg/share/custom_msg_pkg/environment/path.sh
-- Up-to-date symlink: /Users/bogdancprljakovic/ros2_ws/install/custom_msg_pkg/share/custom_msg_pkg/environment/path.dsv
-- Up-to-date symlink: /Users/bogdancprljakovic/ros2_ws/install/custom_msg_pkg/share/custom_msg_pkg/local_setup.bash
-- Up-to-date symlink: /Users/bogdancprljakovic/ros2_ws/install/custom_msg_pkg/share/custom_msg_pkg/local_setup.sh
-- Up-to-date symlink: /Users/bogdancprljakovic/ros2_ws/install/custom_msg_pkg/share/custom_msg_pkg/local_setup.zsh
-- Up-to-date symlink: /Users/bogdancprljakovic/ros2_ws/install/custom_msg_pkg/share/custom_msg_pkg/local_setup.dsv
-- Symlinking: /Users/bogdancprljakovic/ros2_ws/install/custom_msg_pkg/share/custom_msg_pkg/package.dsv
-- Up-to-date symlink: /Users/bogdancprljakovic/ros2_ws/install/custom_msg_pkg/share/ament_index/resource_index/packages/custom_msg_pkg
-- Up-to-date symlink: /Users/bogdancprljakovic/ros2_ws/install/custom_msg_pkg/share/custom_msg_pkg/cmake/rosidl_cmake-extras.cmake
-- Up-to-date symlink: /Users/bogdancprljakovic/ros2_ws/install/custom_msg_pkg/share/custom_msg_pkg/cmake/ament_cmake_export_dependencies-extras.cmake
-- Up-to-date symlink: /Users/bogdancprljakovic/ros2_ws/install/custom_msg_pkg/share/custom_msg_pkg/cmake/ament_cmake_export_include_directories-extras.cmake
-- Up-to-date symlink: /Users/bogdancprljakovic/ros2_ws/install/custom_msg_pkg/share/custom_msg_pkg/cmake/ament_cmake_export_libraries-extras.cmake
-- Up-to-date symlink: /Users/bogdancprljakovic/ros2_ws/install/custom_msg_pkg/share/custom_msg_pkg/cmake/ament_cmake_export_targets-extras.cmake
-- Up-to-date symlink: /Users/bogdancprljakovic/ros2_ws/install/custom_msg_pkg/share/custom_msg_pkg/cmake/rosidl_cmake_export_typesupport_targets-extras.cmake
-- Up-to-date symlink: /Users/bogdancprljakovic/ros2_ws/install/custom_msg_pkg/share/custom_msg_pkg/cmake/rosidl_cmake_export_typesupport_libraries-extras.cmake
-- Up-to-date symlink: /Users/bogdancprljakovic/ros2_ws/install/custom_msg_pkg/share/custom_msg_pkg/cmake/custom_msg_pkgConfig.cmake
-- Up-to-date symlink: /Users/bogdancprljakovic/ros2_ws/install/custom_msg_pkg/share/custom_msg_pkg/cmake/custom_msg_pkgConfig-version.cmake
-- Up-to-date symlink: /Users/bogdancprljakovic/ros2_ws/install/custom_msg_pkg/share/custom_msg_pkg/package.xml
-- Up-to-date: /Users/bogdancprljakovic/ros2_ws/install/custom_msg_pkg/lib/libcustom_msg_pkg__rosidl_generator_c.dylib
-- Up-to-date: /Users/bogdancprljakovic/ros2_ws/install/custom_msg_pkg/lib/libcustom_msg_pkg__rosidl_typesupport_fastrtps_c.dylib
error: /opt/anaconda3/envs/ros2/bin/install_name_tool: no LC_RPATH load command with path: /Users/bogdancprljakovic/ros2_ws/build/custom_msg_pkg found in: /Users/bogdancprljakovic/ros2_ws/install/custom_msg_pkg/lib/libcustom_msg_pkg__rosidl_typesupport_fastrtps_c.dylib (for architecture arm64), required for specified option "-delete_rpath /Users/bogdancprljakovic/ros2_ws/build/custom_msg_pkg"
-- Up-to-date: /Users/bogdancprljakovic/ros2_ws/install/custom_msg_pkg/lib/libcustom_msg_pkg__rosidl_typesupport_fastrtps_cpp.dylib
-- Installing: /Users/bogdancprljakovic/ros2_ws/install/custom_msg_pkg/lib/libcustom_msg_pkg__rosidl_typesupport_introspection_c.dylib
/opt/anaconda3/envs/ros2/bin/install_name_tool: warning: changes being made to the file will invalidate the code signature in: /Users/bogdancprljakovic/ros2_ws/install/custom_msg_pkg/lib/libcustom_msg_pkg__rosidl_typesupport_introspection_c.dylib
[cctools-port]: generating fake signature for '/Users/bogdancprljakovic/ros2_ws/install/custom_msg_pkg/lib/libcustom_msg_pkg__rosidl_typesupport_introspection_c.dylib'
-- Installing: /Users/bogdancprljakovic/ros2_ws/install/custom_msg_pkg/lib/libcustom_msg_pkg__rosidl_typesupport_c.dylib
/opt/anaconda3/envs/ros2/bin/install_name_tool: warning: changes being made to the file will invalidate the code signature in: /Users/bogdancprljakovic/ros2_ws/install/custom_msg_pkg/lib/libcustom_msg_pkg__rosidl_typesupport_c.dylib
[cctools-port]: generating fake signature for '/Users/bogdancprljakovic/ros2_ws/install/custom_msg_pkg/lib/libcustom_msg_pkg__rosidl_typesupport_c.dylib'
-- Up-to-date: /Users/bogdancprljakovic/ros2_ws/install/custom_msg_pkg/lib/libcustom_msg_pkg__rosidl_typesupport_introspection_cpp.dylib
-- Up-to-date: /Users/bogdancprljakovic/ros2_ws/install/custom_msg_pkg/lib/libcustom_msg_pkg__rosidl_typesupport_cpp.dylib
Listing 'lib/python3.11/site-packages/custom_msg_pkg'...
Can't list 'lib/python3.11/site-packages/custom_msg_pkg'
-- Up-to-date: /Users/bogdancprljakovic/ros2_ws/install/custom_msg_pkg/lib/libcustom_msg_pkg__rosidl_generator_py.dylib
error: /opt/anaconda3/envs/ros2/bin/install_name_tool: no LC_RPATH load command with path: /Users/bogdancprljakovic/ros2_ws/build/custom_msg_pkg found in: /Users/bogdancprljakovic/ros2_ws/install/custom_msg_pkg/lib/libcustom_msg_pkg__rosidl_generator_py.dylib (for architecture arm64), required for specified option "-delete_rpath /Users/bogdancprljakovic/ros2_ws/build/custom_msg_pkg"
-- Up-to-date: /Users/bogdancprljakovic/ros2_ws/install/custom_msg_pkg/share/custom_msg_pkg/cmake/export_custom_msg_pkg__rosidl_generator_cExport.cmake
-- Up-to-date: /Users/bogdancprljakovic/ros2_ws/install/custom_msg_pkg/share/custom_msg_pkg/cmake/export_custom_msg_pkg__rosidl_generator_cExport-noconfig.cmake
-- Up-to-date: /Users/bogdancprljakovic/ros2_ws/install/custom_msg_pkg/share/custom_msg_pkg/cmake/export_custom_msg_pkg__rosidl_typesupport_fastrtps_cExport.cmake
-- Up-to-date: /Users/bogdancprljakovic/ros2_ws/install/custom_msg_pkg/share/custom_msg_pkg/cmake/export_custom_msg_pkg__rosidl_typesupport_fastrtps_cExport-noconfig.cmake
-- Up-to-date: /Users/bogdancprljakovic/ros2_ws/install/custom_msg_pkg/share/custom_msg_pkg/cmake/export_custom_msg_pkg__rosidl_generator_cppExport.cmake
-- Up-to-date: /Users/bogdancprljakovic/ros2_ws/install/custom_msg_pkg/share/custom_msg_pkg/cmake/export_custom_msg_pkg__rosidl_typesupport_fastrtps_cppExport.cmake
-- Up-to-date: /Users/bogdancprljakovic/ros2_ws/install/custom_msg_pkg/share/custom_msg_pkg/cmake/export_custom_msg_pkg__rosidl_typesupport_fastrtps_cppExport-noconfig.cmake
-- Up-to-date: /Users/bogdancprljakovic/ros2_ws/install/custom_msg_pkg/share/custom_msg_pkg/cmake/custom_msg_pkg__rosidl_typesupport_introspection_cExport.cmake
-- Up-to-date: /Users/bogdancprljakovic/ros2_ws/install/custom_msg_pkg/share/custom_msg_pkg/cmake/custom_msg_pkg__rosidl_typesupport_introspection_cExport-noconfig.cmake
-- Up-to-date: /Users/bogdancprljakovic/ros2_ws/install/custom_msg_pkg/share/custom_msg_pkg/cmake/custom_msg_pkg__rosidl_typesupport_cExport.cmake
-- Up-to-date: /Users/bogdancprljakovic/ros2_ws/install/custom_msg_pkg/share/custom_msg_pkg/cmake/custom_msg_pkg__rosidl_typesupport_cExport-noconfig.cmake
-- Up-to-date: /Users/bogdancprljakovic/ros2_ws/install/custom_msg_pkg/share/custom_msg_pkg/cmake/custom_msg_pkg__rosidl_typesupport_introspection_cppExport.cmake
-- Up-to-date: /Users/bogdancprljakovic/ros2_ws/install/custom_msg_pkg/share/custom_msg_pkg/cmake/custom_msg_pkg__rosidl_typesupport_introspection_cppExport-noconfig.cmake
-- Up-to-date: /Users/bogdancprljakovic/ros2_ws/install/custom_msg_pkg/share/custom_msg_pkg/cmake/custom_msg_pkg__rosidl_typesupport_cppExport.cmake
-- Up-to-date: /Users/bogdancprljakovic/ros2_ws/install/custom_msg_pkg/share/custom_msg_pkg/cmake/custom_msg_pkg__rosidl_typesupport_cppExport-noconfig.cmake
-- Up-to-date: /Users/bogdancprljakovic/ros2_ws/install/custom_msg_pkg/share/custom_msg_pkg/cmake/export_custom_msg_pkg__rosidl_generator_pyExport.cmake
-- Up-to-date: /Users/bogdancprljakovic/ros2_ws/install/custom_msg_pkg/share/custom_msg_pkg/cmake/export_custom_msg_pkg__rosidl_generator_pyExport-noconfig.cmake
