[0.327s] Invoking command in '/Users/bogdancprljakovic/ros2_ws/build/text_publisher': CMAKE_PREFIX_PATH=/Users/bogdancprljakovic/ros2_ws/install/custom_msg_pkg:/Users/bogdancprljakovic/ros2_ws/install/text_subscriber:/opt/anaconda3/envs/ros2 CONDA_PROMPT_MODIFIER=(ros2) DYLD_LIBRARY_PATH=/Users/bogdancprljakovic/ros2_ws/install/custom_msg_pkg/lib PYTHONPATH=/Users/bogdancprljakovic/ros2_ws/build/text_publisher/prefix_override:/opt/anaconda3/envs/ros2/lib/python3.11/site-packages/colcon_core/task/python/colcon_distutils_commands:/Users/bogdancprljakovic/ros2_ws/install/text_publisher/lib/python3.11/site-packages:/Users/bogdancprljakovic/ros2_ws/install/custom_msg_pkg/lib/python3.11/site-packages:/Users/bogdancprljakovic/ros2_ws/build/text_publisher:/Users/bogdancprljakovic/ros2_ws/install/text_publisher/lib/python3.11/site-packages:/opt/anaconda3/envs/ros2/lib/python311/site-packages:/opt/anaconda3/envs/ros2/lib/python3.11/site-packages SHLVL=2 _=/opt/anaconda3/envs/ros2/bin/env __CF_USER_TEXT_ENCODING=0x1F5:0x0:0x0 /opt/anaconda3/envs/ros2/bin/python3.11 -W ignore:setup.py install is deprecated -W ignore:easy_install command is deprecated setup.py develop --uninstall --editable --build-directory /Users/bogdancprljakovic/ros2_ws/build/text_publisher/build
[0.441s] running develop
[0.519s] Removing /Users/bogdancprljakovic/ros2_ws/install/text_publisher/lib/python3.11/site-packages/text-publisher.egg-link (link to .)
[0.532s] Invoked command in '/Users/bogdancprljakovic/ros2_ws/build/text_publisher' returned '0': CMAKE_PREFIX_PATH=/Users/bogdancprljakovic/ros2_ws/install/custom_msg_pkg:/Users/bogdancprljakovic/ros2_ws/install/text_subscriber:/opt/anaconda3/envs/ros2 CONDA_PROMPT_MODIFIER=(ros2) DYLD_LIBRARY_PATH=/Users/bogdancprljakovic/ros2_ws/install/custom_msg_pkg/lib PYTHONPATH=/Users/bogdancprljakovic/ros2_ws/build/text_publisher/prefix_override:/opt/anaconda3/envs/ros2/lib/python3.11/site-packages/colcon_core/task/python/colcon_distutils_commands:/Users/bogdancprljakovic/ros2_ws/install/text_publisher/lib/python3.11/site-packages:/Users/bogdancprljakovic/ros2_ws/install/custom_msg_pkg/lib/python3.11/site-packages:/Users/bogdancprljakovic/ros2_ws/build/text_publisher:/Users/bogdancprljakovic/ros2_ws/install/text_publisher/lib/python3.11/site-packages:/opt/anaconda3/envs/ros2/lib/python311/site-packages:/opt/anaconda3/envs/ros2/lib/python3.11/site-packages SHLVL=2 _=/opt/anaconda3/envs/ros2/bin/env __CF_USER_TEXT_ENCODING=0x1F5:0x0:0x0 /opt/anaconda3/envs/ros2/bin/python3.11 -W ignore:setup.py install is deprecated -W ignore:easy_install command is deprecated setup.py develop --uninstall --editable --build-directory /Users/bogdancprljakovic/ros2_ws/build/text_publisher/build
[0.534s] Invoking command in '/Users/bogdancprljakovic/ros2_ws/src/text_publisher': CMAKE_PREFIX_PATH=/Users/bogdancprljakovic/ros2_ws/install/custom_msg_pkg:/Users/bogdancprljakovic/ros2_ws/install/text_subscriber:/opt/anaconda3/envs/ros2 CONDA_PROMPT_MODIFIER=(ros2) DYLD_LIBRARY_PATH=/Users/bogdancprljakovic/ros2_ws/install/custom_msg_pkg/lib PYTHONPATH=/Users/bogdancprljakovic/ros2_ws/build/text_publisher/prefix_override:/opt/anaconda3/envs/ros2/lib/python3.11/site-packages/colcon_core/task/python/colcon_distutils_commands:/Users/bogdancprljakovic/ros2_ws/install/text_publisher/lib/python3.11/site-packages:/Users/bogdancprljakovic/ros2_ws/install/custom_msg_pkg/lib/python3.11/site-packages:/Users/bogdancprljakovic/ros2_ws/build/text_publisher:/Users/bogdancprljakovic/ros2_ws/install/text_publisher/lib/python3.11/site-packages:/opt/anaconda3/envs/ros2/lib/python311/site-packages:/opt/anaconda3/envs/ros2/lib/python3.11/site-packages SHLVL=2 _=/opt/anaconda3/envs/ros2/bin/env __CF_USER_TEXT_ENCODING=0x1F5:0x0:0x0 /opt/anaconda3/envs/ros2/bin/python3.11 -W ignore:setup.py install is deprecated -W ignore:easy_install command is deprecated setup.py egg_info --egg-base ../../build/text_publisher build --build-base /Users/bogdancprljakovic/ros2_ws/build/text_publisher/build install --record /Users/bogdancprljakovic/ros2_ws/build/text_publisher/install.log --single-version-externally-managed install_data --force
[0.635s] running egg_info
[0.635s] writing ../../build/text_publisher/text_publisher.egg-info/PKG-INFO
[0.635s] writing dependency_links to ../../build/text_publisher/text_publisher.egg-info/dependency_links.txt
[0.635s] writing entry points to ../../build/text_publisher/text_publisher.egg-info/entry_points.txt
[0.635s] writing requirements to ../../build/text_publisher/text_publisher.egg-info/requires.txt
[0.635s] writing top-level names to ../../build/text_publisher/text_publisher.egg-info/top_level.txt
[0.636s] reading manifest file '../../build/text_publisher/text_publisher.egg-info/SOURCES.txt'
[0.636s] writing manifest file '../../build/text_publisher/text_publisher.egg-info/SOURCES.txt'
[0.636s] running build
[0.636s] running build_py
[0.636s] running install
[0.637s] running install_lib
[0.637s] creating /Users/bogdancprljakovic/ros2_ws/install/text_publisher/lib/python3.11/site-packages/text_publisher
[0.637s] copying /Users/bogdancprljakovic/ros2_ws/build/text_publisher/build/lib/text_publisher/__init__.py -> /Users/bogdancprljakovic/ros2_ws/install/text_publisher/lib/python3.11/site-packages/text_publisher
[0.637s] copying /Users/bogdancprljakovic/ros2_ws/build/text_publisher/build/lib/text_publisher/publisher_node.py -> /Users/bogdancprljakovic/ros2_ws/install/text_publisher/lib/python3.11/site-packages/text_publisher
[0.638s] byte-compiling /Users/bogdancprljakovic/ros2_ws/install/text_publisher/lib/python3.11/site-packages/text_publisher/__init__.py to __init__.cpython-311.pyc
[0.638s] byte-compiling /Users/bogdancprljakovic/ros2_ws/install/text_publisher/lib/python3.11/site-packages/text_publisher/publisher_node.py to publisher_node.cpython-311.pyc
[0.638s] running install_data
[0.638s] copying resource/text_publisher -> /Users/bogdancprljakovic/ros2_ws/install/text_publisher/share/ament_index/resource_index/packages
[0.638s] copying package.xml -> /Users/bogdancprljakovic/ros2_ws/install/text_publisher/share/text_publisher
[0.638s] running install_egg_info
[0.639s] Copying ../../build/text_publisher/text_publisher.egg-info to /Users/bogdancprljakovic/ros2_ws/install/text_publisher/lib/python3.11/site-packages/text_publisher-0.0.0-py3.11.egg-info
[0.640s] running install_scripts
[0.654s] Installing publisher_node script to /Users/bogdancprljakovic/ros2_ws/install/text_publisher/lib/text_publisher
[0.654s] writing list of installed files to '/Users/bogdancprljakovic/ros2_ws/build/text_publisher/install.log'
[0.665s] Invoked command in '/Users/bogdancprljakovic/ros2_ws/src/text_publisher' returned '0': CMAKE_PREFIX_PATH=/Users/bogdancprljakovic/ros2_ws/install/custom_msg_pkg:/Users/bogdancprljakovic/ros2_ws/install/text_subscriber:/opt/anaconda3/envs/ros2 CONDA_PROMPT_MODIFIER=(ros2) DYLD_LIBRARY_PATH=/Users/bogdancprljakovic/ros2_ws/install/custom_msg_pkg/lib PYTHONPATH=/Users/bogdancprljakovic/ros2_ws/build/text_publisher/prefix_override:/opt/anaconda3/envs/ros2/lib/python3.11/site-packages/colcon_core/task/python/colcon_distutils_commands:/Users/bogdancprljakovic/ros2_ws/install/text_publisher/lib/python3.11/site-packages:/Users/bogdancprljakovic/ros2_ws/install/custom_msg_pkg/lib/python3.11/site-packages:/Users/bogdancprljakovic/ros2_ws/build/text_publisher:/Users/bogdancprljakovic/ros2_ws/install/text_publisher/lib/python3.11/site-packages:/opt/anaconda3/envs/ros2/lib/python311/site-packages:/opt/anaconda3/envs/ros2/lib/python3.11/site-packages SHLVL=2 _=/opt/anaconda3/envs/ros2/bin/env __CF_USER_TEXT_ENCODING=0x1F5:0x0:0x0 /opt/anaconda3/envs/ros2/bin/python3.11 -W ignore:setup.py install is deprecated -W ignore:easy_install command is deprecated setup.py egg_info --egg-base ../../build/text_publisher build --build-base /Users/bogdancprljakovic/ros2_ws/build/text_publisher/build install --record /Users/bogdancprljakovic/ros2_ws/build/text_publisher/install.log --single-version-externally-managed install_data --force
