[0.016s] Invoking command in '/Users/bogdancprljakovic/ros2_ws/build/custom_msg_pkg': CMAKE_PREFIX_PATH=${CMAKE_PREFIX_PATH}:/Users/bogdancprljakovic/ros2_ws/install/text_publisher CONDA_PROMPT_MODIFIER=(ros2) SHLVL=2 _=/opt/anaconda3/envs/ros2/bin/env __CF_USER_TEXT_ENCODING=0x1F5:0x0:0x0 /opt/anaconda3/envs/ros2/bin/cmake --build /Users/bogdancprljakovic/ros2_ws/build/custom_msg_pkg -- -j8 -l8
[0.105s] [  3%] Built target custom_msg_pkg__cpp
[0.113s] [ 12%] Built target custom_msg_pkg__rosidl_generator_c
[0.117s] [ 12%] Built target ament_cmake_python_symlink_custom_msg_pkg
[0.151s] [ 32%] Built target custom_msg_pkg__rosidl_typesupport_introspection_c
[0.152s] [ 32%] Built target custom_msg_pkg__rosidl_typesupport_introspection_cpp
[0.152s] [ 51%] Built target custom_msg_pkg__rosidl_typesupport_cpp
[0.152s] [ 51%] Built target custom_msg_pkg__rosidl_typesupport_c
[0.155s] [ 61%] Built target custom_msg_pkg__rosidl_typesupport_fastrtps_cpp
[0.161s] [ 70%] Built target custom_msg_pkg__rosidl_typesupport_fastrtps_c
[0.185s] [ 70%] Built target custom_msg_pkg
[0.209s] [ 74%] Built target custom_msg_pkg__py
[0.236s] [ 80%] Built target custom_msg_pkg__rosidl_generator_py
[0.252s] running egg_info
[0.252s] writing custom_msg_pkg.egg-info/PKG-INFO
[0.253s] writing dependency_links to custom_msg_pkg.egg-info/dependency_links.txt
[0.253s] writing top-level names to custom_msg_pkg.egg-info/top_level.txt
[0.254s] reading manifest file 'custom_msg_pkg.egg-info/SOURCES.txt'
[0.257s] writing manifest file 'custom_msg_pkg.egg-info/SOURCES.txt'
[0.270s] [ 87%] Built target custom_msg_pkg__rosidl_typesupport_introspection_c__pyext
[0.270s] [ 93%] Built target custom_msg_pkg__rosidl_typesupport_c__pyext
[0.273s] [100%] Built target custom_msg_pkg__rosidl_typesupport_fastrtps_c__pyext
[0.274s] [100%] Built target ament_cmake_python_build_custom_msg_pkg_egg
[0.284s] Invoked command in '/Users/bogdancprljakovic/ros2_ws/build/custom_msg_pkg' returned '0': CMAKE_PREFIX_PATH=${CMAKE_PREFIX_PATH}:/Users/bogdancprljakovic/ros2_ws/install/text_publisher CONDA_PROMPT_MODIFIER=(ros2) SHLVL=2 _=/opt/anaconda3/envs/ros2/bin/env __CF_USER_TEXT_ENCODING=0x1F5:0x0:0x0 /opt/anaconda3/envs/ros2/bin/cmake --build /Users/bogdancprljakovic/ros2_ws/build/custom_msg_pkg -- -j8 -l8
[0.404s] Invoking command in '/Users/bogdancprljakovic/ros2_ws/build/custom_msg_pkg': CMAKE_PREFIX_PATH=${CMAKE_PREFIX_PATH}:/Users/bogdancprljakovic/ros2_ws/install/text_publisher CONDA_PROMPT_MODIFIER=(ros2) SHLVL=2 _=/opt/anaconda3/envs/ros2/bin/env __CF_USER_TEXT_ENCODING=0x1F5:0x0:0x0 /opt/anaconda3/envs/ros2/bin/cmake --install /Users/bogdancprljakovic/ros2_ws/build/custom_msg_pkg
[0.412s] -- Install configuration: ""
[0.413s] -- Execute custom install script
[0.414s] -- Up-to-date symlink: /Users/bogdancprljakovic/ros2_ws/install/custom_msg_pkg/share/ament_index/resource_index/rosidl_interfaces/custom_msg_pkg
[0.414s] -- Up-to-date symlink: /Users/bogdancprljakovic/ros2_ws/install/custom_msg_pkg/include/custom_msg_pkg/custom_msg_pkg/msg/detail/text_stamped__functions.h
[0.414s] -- Up-to-date symlink: /Users/bogdancprljakovic/ros2_ws/install/custom_msg_pkg/include/custom_msg_pkg/custom_msg_pkg/msg/detail/text_stamped__struct.h
[0.414s] -- Up-to-date symlink: /Users/bogdancprljakovic/ros2_ws/install/custom_msg_pkg/include/custom_msg_pkg/custom_msg_pkg/msg/detail/text_stamped__type_support.h
[0.414s] -- Up-to-date symlink: /Users/bogdancprljakovic/ros2_ws/install/custom_msg_pkg/include/custom_msg_pkg/custom_msg_pkg/msg/rosidl_generator_c__visibility_control.h
[0.414s] -- Up-to-date symlink: /Users/bogdancprljakovic/ros2_ws/install/custom_msg_pkg/include/custom_msg_pkg/custom_msg_pkg/msg/text_stamped.h
[0.415s] -- Up-to-date symlink: /Users/bogdancprljakovic/ros2_ws/install/custom_msg_pkg/include/custom_msg_pkg/custom_msg_pkg/msg/detail/text_stamped__rosidl_typesupport_fastrtps_c.h
[0.415s] -- Up-to-date symlink: /Users/bogdancprljakovic/ros2_ws/install/custom_msg_pkg/include/custom_msg_pkg/custom_msg_pkg/msg/rosidl_typesupport_fastrtps_c__visibility_control.h
[0.415s] -- Up-to-date symlink: /Users/bogdancprljakovic/ros2_ws/install/custom_msg_pkg/include/custom_msg_pkg/custom_msg_pkg/msg/detail/text_stamped__builder.hpp
[0.415s] -- Up-to-date symlink: /Users/bogdancprljakovic/ros2_ws/install/custom_msg_pkg/include/custom_msg_pkg/custom_msg_pkg/msg/detail/text_stamped__struct.hpp
[0.416s] -- Up-to-date symlink: /Users/bogdancprljakovic/ros2_ws/install/custom_msg_pkg/include/custom_msg_pkg/custom_msg_pkg/msg/detail/text_stamped__traits.hpp
[0.416s] -- Up-to-date symlink: /Users/bogdancprljakovic/ros2_ws/install/custom_msg_pkg/include/custom_msg_pkg/custom_msg_pkg/msg/detail/text_stamped__type_support.hpp
[0.416s] -- Up-to-date symlink: /Users/bogdancprljakovic/ros2_ws/install/custom_msg_pkg/include/custom_msg_pkg/custom_msg_pkg/msg/rosidl_generator_cpp__visibility_control.hpp
[0.416s] -- Up-to-date symlink: /Users/bogdancprljakovic/ros2_ws/install/custom_msg_pkg/include/custom_msg_pkg/custom_msg_pkg/msg/text_stamped.hpp
[0.416s] -- Up-to-date symlink: /Users/bogdancprljakovic/ros2_ws/install/custom_msg_pkg/include/custom_msg_pkg/custom_msg_pkg/msg/detail/text_stamped__rosidl_typesupport_fastrtps_cpp.hpp
[0.416s] -- Up-to-date symlink: /Users/bogdancprljakovic/ros2_ws/install/custom_msg_pkg/include/custom_msg_pkg/custom_msg_pkg/msg/rosidl_typesupport_fastrtps_cpp__visibility_control.h
[0.416s] -- Up-to-date symlink: /Users/bogdancprljakovic/ros2_ws/install/custom_msg_pkg/include/custom_msg_pkg/custom_msg_pkg/msg/detail/text_stamped__rosidl_typesupport_introspection_c.h
[0.417s] -- Up-to-date symlink: /Users/bogdancprljakovic/ros2_ws/install/custom_msg_pkg/include/custom_msg_pkg/custom_msg_pkg/msg/rosidl_typesupport_introspection_c__visibility_control.h
[0.417s] -- Up-to-date symlink: /Users/bogdancprljakovic/ros2_ws/install/custom_msg_pkg/include/custom_msg_pkg/custom_msg_pkg/msg/detail/text_stamped__rosidl_typesupport_introspection_cpp.hpp
[0.417s] -- Up-to-date symlink: /Users/bogdancprljakovic/ros2_ws/install/custom_msg_pkg/share/custom_msg_pkg/environment/pythonpath.sh
[0.417s] -- Up-to-date symlink: /Users/bogdancprljakovic/ros2_ws/install/custom_msg_pkg/share/custom_msg_pkg/environment/pythonpath.dsv
[0.417s] -- Up-to-date symlink: /Users/bogdancprljakovic/ros2_ws/install/custom_msg_pkg/lib/python3.11/site-packages/custom_msg_pkg-0.0.0-py3.11.egg-info/PKG-INFO
[0.417s] -- Up-to-date symlink: /Users/bogdancprljakovic/ros2_ws/install/custom_msg_pkg/lib/python3.11/site-packages/custom_msg_pkg-0.0.0-py3.11.egg-info/SOURCES.txt
[0.417s] -- Up-to-date symlink: /Users/bogdancprljakovic/ros2_ws/install/custom_msg_pkg/lib/python3.11/site-packages/custom_msg_pkg-0.0.0-py3.11.egg-info/dependency_links.txt
[0.417s] -- Up-to-date symlink: /Users/bogdancprljakovic/ros2_ws/install/custom_msg_pkg/lib/python3.11/site-packages/custom_msg_pkg-0.0.0-py3.11.egg-info/top_level.txt
[0.418s] -- Up-to-date symlink: /Users/bogdancprljakovic/ros2_ws/install/custom_msg_pkg/lib/python3.11/site-packages/custom_msg_pkg/__init__.py
[0.418s] -- Up-to-date symlink: /Users/bogdancprljakovic/ros2_ws/install/custom_msg_pkg/lib/python3.11/site-packages/custom_msg_pkg/_custom_msg_pkg_s.ep.rosidl_typesupport_c.c
[0.418s] -- Up-to-date symlink: /Users/bogdancprljakovic/ros2_ws/install/custom_msg_pkg/lib/python3.11/site-packages/custom_msg_pkg/_custom_msg_pkg_s.ep.rosidl_typesupport_fastrtps_c.c
[0.418s] -- Up-to-date symlink: /Users/bogdancprljakovic/ros2_ws/install/custom_msg_pkg/lib/python3.11/site-packages/custom_msg_pkg/_custom_msg_pkg_s.ep.rosidl_typesupport_introspection_c.c
[0.418s] -- Up-to-date symlink: /Users/bogdancprljakovic/ros2_ws/install/custom_msg_pkg/lib/python3.11/site-packages/custom_msg_pkg/custom_msg_pkg_s__rosidl_typesupport_c.cpython-311-darwin.so
[0.418s] -- Up-to-date symlink: /Users/bogdancprljakovic/ros2_ws/install/custom_msg_pkg/lib/python3.11/site-packages/custom_msg_pkg/custom_msg_pkg_s__rosidl_typesupport_fastrtps_c.cpython-311-darwin.so
[0.418s] -- Up-to-date symlink: /Users/bogdancprljakovic/ros2_ws/install/custom_msg_pkg/lib/python3.11/site-packages/custom_msg_pkg/custom_msg_pkg_s__rosidl_typesupport_introspection_c.cpython-311-darwin.so
[0.418s] -- Up-to-date symlink: /Users/bogdancprljakovic/ros2_ws/install/custom_msg_pkg/lib/python3.11/site-packages/custom_msg_pkg/libcustom_msg_pkg__rosidl_generator_py.dylib
[0.418s] -- Up-to-date symlink: /Users/bogdancprljakovic/ros2_ws/install/custom_msg_pkg/lib/python3.11/site-packages/custom_msg_pkg/msg/__init__.py
[0.418s] -- Up-to-date symlink: /Users/bogdancprljakovic/ros2_ws/install/custom_msg_pkg/lib/python3.11/site-packages/custom_msg_pkg/msg/_text_stamped.py
[0.419s] -- Up-to-date symlink: /Users/bogdancprljakovic/ros2_ws/install/custom_msg_pkg/lib/python3.11/site-packages/custom_msg_pkg/msg/_text_stamped_s.c
[0.419s] -- Up-to-date symlink: /Users/bogdancprljakovic/ros2_ws/install/custom_msg_pkg/lib/python3.11/site-packages/custom_msg_pkg/custom_msg_pkg_s__rosidl_typesupport_fastrtps_c.cpython-311-darwin.so
[0.419s] -- Up-to-date symlink: /Users/bogdancprljakovic/ros2_ws/install/custom_msg_pkg/lib/python3.11/site-packages/custom_msg_pkg/custom_msg_pkg_s__rosidl_typesupport_introspection_c.cpython-311-darwin.so
[0.419s] -- Up-to-date symlink: /Users/bogdancprljakovic/ros2_ws/install/custom_msg_pkg/lib/python3.11/site-packages/custom_msg_pkg/custom_msg_pkg_s__rosidl_typesupport_c.cpython-311-darwin.so
[0.420s] -- Up-to-date symlink: /Users/bogdancprljakovic/ros2_ws/install/custom_msg_pkg/share/custom_msg_pkg/msg/TextStamped.idl
[0.420s] -- Up-to-date symlink: /Users/bogdancprljakovic/ros2_ws/install/custom_msg_pkg/share/custom_msg_pkg/msg/TextStamped.msg
[0.420s] -- Up-to-date symlink: /Users/bogdancprljakovic/ros2_ws/install/custom_msg_pkg/share/ament_index/resource_index/package_run_dependencies/custom_msg_pkg
[0.420s] -- Up-to-date symlink: /Users/bogdancprljakovic/ros2_ws/install/custom_msg_pkg/share/ament_index/resource_index/parent_prefix_path/custom_msg_pkg
[0.420s] -- Up-to-date symlink: /Users/bogdancprljakovic/ros2_ws/install/custom_msg_pkg/share/custom_msg_pkg/environment/ament_prefix_path.sh
[0.420s] -- Up-to-date symlink: /Users/bogdancprljakovic/ros2_ws/install/custom_msg_pkg/share/custom_msg_pkg/environment/ament_prefix_path.dsv
[0.420s] -- Up-to-date symlink: /Users/bogdancprljakovic/ros2_ws/install/custom_msg_pkg/share/custom_msg_pkg/environment/path.sh
[0.420s] -- Up-to-date symlink: /Users/bogdancprljakovic/ros2_ws/install/custom_msg_pkg/share/custom_msg_pkg/environment/path.dsv
[0.420s] -- Up-to-date symlink: /Users/bogdancprljakovic/ros2_ws/install/custom_msg_pkg/share/custom_msg_pkg/local_setup.bash
[0.420s] -- Up-to-date symlink: /Users/bogdancprljakovic/ros2_ws/install/custom_msg_pkg/share/custom_msg_pkg/local_setup.sh
[0.421s] -- Up-to-date symlink: /Users/bogdancprljakovic/ros2_ws/install/custom_msg_pkg/share/custom_msg_pkg/local_setup.zsh
[0.421s] -- Up-to-date symlink: /Users/bogdancprljakovic/ros2_ws/install/custom_msg_pkg/share/custom_msg_pkg/local_setup.dsv
[0.421s] -- Symlinking: /Users/bogdancprljakovic/ros2_ws/install/custom_msg_pkg/share/custom_msg_pkg/package.dsv
[0.429s] -- Up-to-date symlink: /Users/bogdancprljakovic/ros2_ws/install/custom_msg_pkg/share/ament_index/resource_index/packages/custom_msg_pkg
[0.429s] -- Up-to-date symlink: /Users/bogdancprljakovic/ros2_ws/install/custom_msg_pkg/share/custom_msg_pkg/cmake/rosidl_cmake-extras.cmake
[0.429s] -- Up-to-date symlink: /Users/bogdancprljakovic/ros2_ws/install/custom_msg_pkg/share/custom_msg_pkg/cmake/ament_cmake_export_dependencies-extras.cmake
[0.429s] -- Up-to-date symlink: /Users/bogdancprljakovic/ros2_ws/install/custom_msg_pkg/share/custom_msg_pkg/cmake/ament_cmake_export_include_directories-extras.cmake
[0.429s] -- Up-to-date symlink: /Users/bogdancprljakovic/ros2_ws/install/custom_msg_pkg/share/custom_msg_pkg/cmake/ament_cmake_export_libraries-extras.cmake
[0.430s] -- Up-to-date symlink: /Users/bogdancprljakovic/ros2_ws/install/custom_msg_pkg/share/custom_msg_pkg/cmake/ament_cmake_export_targets-extras.cmake
[0.430s] -- Up-to-date symlink: /Users/bogdancprljakovic/ros2_ws/install/custom_msg_pkg/share/custom_msg_pkg/cmake/rosidl_cmake_export_typesupport_targets-extras.cmake
[0.430s] -- Up-to-date symlink: /Users/bogdancprljakovic/ros2_ws/install/custom_msg_pkg/share/custom_msg_pkg/cmake/rosidl_cmake_export_typesupport_libraries-extras.cmake
[0.430s] -- Up-to-date symlink: /Users/bogdancprljakovic/ros2_ws/install/custom_msg_pkg/share/custom_msg_pkg/cmake/custom_msg_pkgConfig.cmake
[0.430s] -- Up-to-date symlink: /Users/bogdancprljakovic/ros2_ws/install/custom_msg_pkg/share/custom_msg_pkg/cmake/custom_msg_pkgConfig-version.cmake
[0.430s] -- Up-to-date symlink: /Users/bogdancprljakovic/ros2_ws/install/custom_msg_pkg/share/custom_msg_pkg/package.xml
[0.430s] -- Up-to-date: /Users/bogdancprljakovic/ros2_ws/install/custom_msg_pkg/lib/libcustom_msg_pkg__rosidl_generator_c.dylib
[0.430s] -- Up-to-date: /Users/bogdancprljakovic/ros2_ws/install/custom_msg_pkg/lib/libcustom_msg_pkg__rosidl_typesupport_fastrtps_c.dylib
[0.432s] error: /opt/anaconda3/envs/ros2/bin/install_name_tool: no LC_RPATH load command with path: /Users/bogdancprljakovic/ros2_ws/build/custom_msg_pkg found in: /Users/bogdancprljakovic/ros2_ws/install/custom_msg_pkg/lib/libcustom_msg_pkg__rosidl_typesupport_fastrtps_c.dylib (for architecture arm64), required for specified option "-delete_rpath /Users/bogdancprljakovic/ros2_ws/build/custom_msg_pkg"
[0.432s] -- Up-to-date: /Users/bogdancprljakovic/ros2_ws/install/custom_msg_pkg/lib/libcustom_msg_pkg__rosidl_typesupport_fastrtps_cpp.dylib
[0.432s] -- Installing: /Users/bogdancprljakovic/ros2_ws/install/custom_msg_pkg/lib/libcustom_msg_pkg__rosidl_typesupport_introspection_c.dylib
[0.434s] /opt/anaconda3/envs/ros2/bin/install_name_tool: warning: changes being made to the file will invalidate the code signature in: /Users/bogdancprljakovic/ros2_ws/install/custom_msg_pkg/lib/libcustom_msg_pkg__rosidl_typesupport_introspection_c.dylib
[0.435s] [cctools-port]: generating fake signature for '/Users/bogdancprljakovic/ros2_ws/install/custom_msg_pkg/lib/libcustom_msg_pkg__rosidl_typesupport_introspection_c.dylib'
[0.443s] -- Installing: /Users/bogdancprljakovic/ros2_ws/install/custom_msg_pkg/lib/libcustom_msg_pkg__rosidl_typesupport_c.dylib
[0.444s] /opt/anaconda3/envs/ros2/bin/install_name_tool: warning: changes being made to the file will invalidate the code signature in: /Users/bogdancprljakovic/ros2_ws/install/custom_msg_pkg/lib/libcustom_msg_pkg__rosidl_typesupport_c.dylib
[0.445s] [cctools-port]: generating fake signature for '/Users/bogdancprljakovic/ros2_ws/install/custom_msg_pkg/lib/libcustom_msg_pkg__rosidl_typesupport_c.dylib'
[0.451s] -- Up-to-date: /Users/bogdancprljakovic/ros2_ws/install/custom_msg_pkg/lib/libcustom_msg_pkg__rosidl_typesupport_introspection_cpp.dylib
[0.451s] -- Up-to-date: /Users/bogdancprljakovic/ros2_ws/install/custom_msg_pkg/lib/libcustom_msg_pkg__rosidl_typesupport_cpp.dylib
[0.468s] Listing 'lib/python3.11/site-packages/custom_msg_pkg'...
[0.468s] Can't list 'lib/python3.11/site-packages/custom_msg_pkg'
[0.470s] -- Up-to-date: /Users/bogdancprljakovic/ros2_ws/install/custom_msg_pkg/lib/libcustom_msg_pkg__rosidl_generator_py.dylib
[0.472s] error: /opt/anaconda3/envs/ros2/bin/install_name_tool: no LC_RPATH load command with path: /Users/bogdancprljakovic/ros2_ws/build/custom_msg_pkg found in: /Users/bogdancprljakovic/ros2_ws/install/custom_msg_pkg/lib/libcustom_msg_pkg__rosidl_generator_py.dylib (for architecture arm64), required for specified option "-delete_rpath /Users/bogdancprljakovic/ros2_ws/build/custom_msg_pkg"
[0.472s] -- Up-to-date: /Users/bogdancprljakovic/ros2_ws/install/custom_msg_pkg/share/custom_msg_pkg/cmake/export_custom_msg_pkg__rosidl_generator_cExport.cmake
[0.472s] -- Up-to-date: /Users/bogdancprljakovic/ros2_ws/install/custom_msg_pkg/share/custom_msg_pkg/cmake/export_custom_msg_pkg__rosidl_generator_cExport-noconfig.cmake
[0.472s] -- Up-to-date: /Users/bogdancprljakovic/ros2_ws/install/custom_msg_pkg/share/custom_msg_pkg/cmake/export_custom_msg_pkg__rosidl_typesupport_fastrtps_cExport.cmake
[0.473s] -- Up-to-date: /Users/bogdancprljakovic/ros2_ws/install/custom_msg_pkg/share/custom_msg_pkg/cmake/export_custom_msg_pkg__rosidl_typesupport_fastrtps_cExport-noconfig.cmake
[0.473s] -- Up-to-date: /Users/bogdancprljakovic/ros2_ws/install/custom_msg_pkg/share/custom_msg_pkg/cmake/export_custom_msg_pkg__rosidl_generator_cppExport.cmake
[0.473s] -- Up-to-date: /Users/bogdancprljakovic/ros2_ws/install/custom_msg_pkg/share/custom_msg_pkg/cmake/export_custom_msg_pkg__rosidl_typesupport_fastrtps_cppExport.cmake
[0.473s] -- Up-to-date: /Users/bogdancprljakovic/ros2_ws/install/custom_msg_pkg/share/custom_msg_pkg/cmake/export_custom_msg_pkg__rosidl_typesupport_fastrtps_cppExport-noconfig.cmake
[0.473s] -- Up-to-date: /Users/bogdancprljakovic/ros2_ws/install/custom_msg_pkg/share/custom_msg_pkg/cmake/custom_msg_pkg__rosidl_typesupport_introspection_cExport.cmake
[0.473s] -- Up-to-date: /Users/bogdancprljakovic/ros2_ws/install/custom_msg_pkg/share/custom_msg_pkg/cmake/custom_msg_pkg__rosidl_typesupport_introspection_cExport-noconfig.cmake
[0.473s] -- Up-to-date: /Users/bogdancprljakovic/ros2_ws/install/custom_msg_pkg/share/custom_msg_pkg/cmake/custom_msg_pkg__rosidl_typesupport_cExport.cmake
[0.473s] -- Up-to-date: /Users/bogdancprljakovic/ros2_ws/install/custom_msg_pkg/share/custom_msg_pkg/cmake/custom_msg_pkg__rosidl_typesupport_cExport-noconfig.cmake
[0.473s] -- Up-to-date: /Users/bogdancprljakovic/ros2_ws/install/custom_msg_pkg/share/custom_msg_pkg/cmake/custom_msg_pkg__rosidl_typesupport_introspection_cppExport.cmake
[0.474s] -- Up-to-date: /Users/bogdancprljakovic/ros2_ws/install/custom_msg_pkg/share/custom_msg_pkg/cmake/custom_msg_pkg__rosidl_typesupport_introspection_cppExport-noconfig.cmake
[0.474s] -- Up-to-date: /Users/bogdancprljakovic/ros2_ws/install/custom_msg_pkg/share/custom_msg_pkg/cmake/custom_msg_pkg__rosidl_typesupport_cppExport.cmake
[0.474s] -- Up-to-date: /Users/bogdancprljakovic/ros2_ws/install/custom_msg_pkg/share/custom_msg_pkg/cmake/custom_msg_pkg__rosidl_typesupport_cppExport-noconfig.cmake
[0.474s] -- Up-to-date: /Users/bogdancprljakovic/ros2_ws/install/custom_msg_pkg/share/custom_msg_pkg/cmake/export_custom_msg_pkg__rosidl_generator_pyExport.cmake
[0.474s] -- Up-to-date: /Users/bogdancprljakovic/ros2_ws/install/custom_msg_pkg/share/custom_msg_pkg/cmake/export_custom_msg_pkg__rosidl_generator_pyExport-noconfig.cmake
[0.475s] Invoked command in '/Users/bogdancprljakovic/ros2_ws/build/custom_msg_pkg' returned '0': CMAKE_PREFIX_PATH=${CMAKE_PREFIX_PATH}:/Users/bogdancprljakovic/ros2_ws/install/text_publisher CONDA_PROMPT_MODIFIER=(ros2) SHLVL=2 _=/opt/anaconda3/envs/ros2/bin/env __CF_USER_TEXT_ENCODING=0x1F5:0x0:0x0 /opt/anaconda3/envs/ros2/bin/cmake --install /Users/bogdancprljakovic/ros2_ws/build/custom_msg_pkg
